TN:
SF:src\debt.bot.js
FN:6,(anonymous_0)
FN:21,(anonymous_1)
FN:32,(anonymous_2)
FN:39,(anonymous_3)
FN:66,(anonymous_4)
FN:90,(anonymous_5)
FN:115,(anonymous_6)
FNF:7
FNH:0
FNDA:0,(anonymous_0)
FNDA:0,(anonymous_1)
FNDA:0,(anonymous_2)
FNDA:0,(anonymous_3)
FNDA:0,(anonymous_4)
FNDA:0,(anonymous_5)
FNDA:0,(anonymous_6)
DA:1,0
DA:2,0
DA:3,0
DA:8,0
DA:9,0
DA:11,0
DA:12,0
DA:13,0
DA:17,0
DA:22,0
DA:24,0
DA:25,0
DA:27,0
DA:34,0
DA:35,0
DA:40,0
DA:41,0
DA:43,0
DA:58,0
DA:59,0
DA:61,0
DA:67,0
DA:69,0
DA:70,0
DA:82,0
DA:83,0
DA:85,0
DA:91,0
DA:93,0
DA:94,0
DA:107,0
DA:108,0
DA:110,0
DA:116,0
DA:118,0
DA:119,0
DA:131,0
DA:132,0
DA:134,0
DA:140,0
LF:40
LH:0
BRDA:11,0,0,0
BRDA:11,0,1,0
BRDA:41,1,0,0
BRDA:41,1,1,0
BRDA:67,2,0,0
BRDA:67,2,1,0
BRDA:67,3,0,0
BRDA:67,3,1,0
BRDA:77,4,0,0
BRDA:77,4,1,0
BRDA:91,5,0,0
BRDA:91,5,1,0
BRDA:91,6,0,0
BRDA:91,6,1,0
BRDA:102,7,0,0
BRDA:102,7,1,0
BRDA:116,8,0,0
BRDA:116,8,1,0
BRDA:116,9,0,0
BRDA:116,9,1,0
BRF:20
BRH:0
end_of_record
TN:
SF:src\index.js
FN:32,(anonymous_0)
FN:67,(anonymous_1)
FN:78,(anonymous_2)
FN:81,(anonymous_3)
FN:118,(anonymous_4)
FN:126,(anonymous_5)
FN:137,(anonymous_6)
FN:177,(anonymous_7)
FN:195,(anonymous_8)
FN:218,(anonymous_9)
FN:262,(anonymous_10)
FN:292,(anonymous_11)
FN:324,(anonymous_12)
FN:336,(anonymous_13)
FNF:14
FNH:0
FNDA:0,(anonymous_0)
FNDA:0,(anonymous_1)
FNDA:0,(anonymous_2)
FNDA:0,(anonymous_3)
FNDA:0,(anonymous_4)
FNDA:0,(anonymous_5)
FNDA:0,(anonymous_6)
FNDA:0,(anonymous_7)
FNDA:0,(anonymous_8)
FNDA:0,(anonymous_9)
FNDA:0,(anonymous_10)
FNDA:0,(anonymous_11)
FNDA:0,(anonymous_12)
FNDA:0,(anonymous_13)
DA:1,0
DA:2,0
DA:3,0
DA:4,0
DA:5,0
DA:6,0
DA:7,0
DA:8,0
DA:9,0
DA:10,0
DA:13,0
DA:14,0
DA:15,0
DA:16,0
DA:17,0
DA:18,0
DA:19,0
DA:22,0
DA:23,0
DA:26,0
DA:29,0
DA:30,0
DA:31,0
DA:32,0
DA:33,0
DA:34,0
DA:37,0
DA:38,0
DA:39,0
DA:40,0
DA:41,0
DA:42,0
DA:43,0
DA:44,0
DA:45,0
DA:46,0
DA:47,0
DA:48,0
DA:49,0
DA:50,0
DA:51,0
DA:52,0
DA:55,0
DA:56,0
DA:57,0
DA:58,0
DA:59,0
DA:61,0
DA:62,0
DA:65,0
DA:68,0
DA:78,0
DA:79,0
DA:81,0
DA:82,0
DA:87,0
DA:118,0
DA:119,0
DA:120,0
DA:121,0
DA:125,0
DA:127,0
DA:128,0
DA:130,0
DA:136,0
DA:139,0
DA:140,0
DA:145,0
DA:151,0
DA:152,0
DA:155,0
DA:156,0
DA:157,0
DA:160,0
DA:161,0
DA:162,0
DA:163,0
DA:166,0
DA:171,0
DA:174,0
DA:177,0
DA:179,0
DA:180,0
DA:183,0
DA:184,0
DA:187,0
DA:188,0
DA:190,0
DA:192,0
DA:195,0
DA:196,0
DA:199,0
DA:200,0
DA:203,0
DA:206,0
DA:218,0
DA:219,0
DA:223,0
DA:226,0
DA:227,0
DA:228,0
DA:229,0
DA:230,0
DA:231,0
DA:232,0
DA:233,0
DA:234,0
DA:235,0
DA:236,0
DA:237,0
DA:238,0
DA:239,0
DA:240,0
DA:243,0
DA:244,0
DA:245,0
DA:246,0
DA:247,0
DA:250,0
DA:253,0
DA:254,0
DA:257,0
DA:259,0
DA:262,0
DA:264,0
DA:265,0
DA:268,0
DA:269,0
DA:270,0
DA:272,0
DA:276,0
DA:281,0
DA:293,0
DA:294,0
DA:297,0
DA:299,0
DA:300,0
DA:301,0
DA:305,0
DA:306,0
DA:307,0
DA:311,0
DA:312,0
DA:314,0
DA:315,0
DA:319,0
DA:320,0
DA:321,0
DA:325,0
DA:326,0
DA:330,0
DA:331,0
DA:332,0
DA:334,0
DA:335,0
DA:336,0
DA:337,0
DA:338,0
DA:339,0
DA:340,0
DA:341,0
LF:161
LH:0
BRDA:30,0,0,0
BRDA:30,0,1,0
BRDA:127,1,0,0
BRDA:127,1,1,0
BRDA:139,2,0,0
BRDA:139,2,1,0
BRDA:151,3,0,0
BRDA:151,3,1,0
BRDA:155,4,0,0
BRDA:155,4,1,0
BRDA:161,5,0,0
BRDA:161,5,1,0
BRDA:179,6,0,0
BRDA:179,6,1,0
BRDA:183,7,0,0
BRDA:183,7,1,0
BRDA:187,8,0,0
BRDA:187,8,1,0
BRDA:199,9,0,0
BRDA:199,9,1,0
BRDA:253,10,0,0
BRDA:253,10,1,0
BRDA:257,11,0,0
BRDA:257,11,1,0
BRDA:264,12,0,0
BRDA:264,12,1,0
BRDA:264,13,0,0
BRDA:264,13,1,0
BRDA:269,14,0,0
BRDA:269,14,1,0
BRDA:281,15,0,0
BRDA:281,15,1,0
BRDA:300,16,0,0
BRDA:300,16,1,0
BRDA:300,17,0,0
BRDA:300,17,1,0
BRDA:306,18,0,0
BRDA:306,18,1,0
BRDA:306,19,0,0
BRDA:306,19,1,0
BRDA:319,20,0,0
BRDA:319,20,1,0
BRDA:334,21,0,0
BRDA:334,21,1,0
BRF:44
BRH:0
end_of_record
TN:
SF:src\telegram.bot.js
FN:6,(anonymous_0)
FN:25,(anonymous_1)
FN:47,(anonymous_2)
FN:53,(anonymous_3)
FN:60,(anonymous_4)
FN:102,(anonymous_5)
FN:236,(anonymous_6)
FN:278,(anonymous_7)
FN:315,(anonymous_8)
FN:348,(anonymous_9)
FN:359,(anonymous_10)
FN:363,(anonymous_11)
FN:368,(anonymous_12)
FN:395,(anonymous_13)
FN:434,(anonymous_14)
FN:454,(anonymous_15)
FN:464,(anonymous_16)
FN:472,(anonymous_17)
FN:492,createPOSBot
FN:500,getPOSBot
FNF:20
FNH:0
FNDA:0,(anonymous_0)
FNDA:0,(anonymous_1)
FNDA:0,(anonymous_2)
FNDA:0,(anonymous_3)
FNDA:0,(anonymous_4)
FNDA:0,(anonymous_5)
FNDA:0,(anonymous_6)
FNDA:0,(anonymous_7)
FNDA:0,(anonymous_8)
FNDA:0,(anonymous_9)
FNDA:0,(anonymous_10)
FNDA:0,(anonymous_11)
FNDA:0,(anonymous_12)
FNDA:0,(anonymous_13)
FNDA:0,(anonymous_14)
FNDA:0,(anonymous_15)
FNDA:0,(anonymous_16)
FNDA:0,(anonymous_17)
FNDA:0,createPOSBot
FNDA:0,getPOSBot
DA:1,0
DA:2,0
DA:3,0
DA:8,0
DA:9,0
DA:10,0
DA:11,0
DA:12,0
DA:13,0
DA:15,0
DA:16,0
DA:17,0
DA:21,0
DA:26,0
DA:28,0
DA:29,0
DA:30,0
DA:36,0
DA:37,0
DA:38,0
DA:40,0
DA:42,0
DA:49,0
DA:55,0
DA:56,0
DA:61,0
DA:62,0
DA:64,0
DA:67,0
DA:78,0
DA:91,0
DA:92,0
DA:97,0
DA:103,0
DA:104,0
DA:105,0
DA:107,0
DA:109,0
DA:111,0
DA:113,0
DA:115,0
DA:116,0
DA:118,0
DA:121,0
DA:133,0
DA:139,0
DA:140,0
DA:141,0
DA:151,0
DA:154,0
DA:156,0
DA:163,0
DA:164,0
DA:166,0
DA:184,0
DA:190,0
DA:191,0
DA:192,0
DA:205,0
DA:208,0
DA:210,0
DA:217,0
DA:220,0
DA:228,0
DA:237,0
DA:238,0
DA:241,0
DA:242,0
DA:245,0
DA:252,0
DA:255,0
DA:271,0
DA:280,0
DA:282,0
DA:285,0
DA:287,0
DA:288,0
DA:290,0
DA:291,0
DA:293,0
DA:294,0
DA:296,0
DA:297,0
DA:299,0
DA:300,0
DA:302,0
DA:306,0
DA:307,0
DA:310,0
DA:311,0
DA:316,0
DA:319,0
DA:326,0
DA:327,0
DA:328,0
DA:329,0
DA:332,0
DA:335,0
DA:336,0
DA:337,0
DA:338,0
DA:339,0
DA:343,0
DA:344,0
DA:350,0
DA:358,0
DA:359,0
DA:364,0
DA:369,0
DA:370,0
DA:371,0
DA:374,0
DA:376,0
DA:378,0
DA:381,0
DA:385,0
DA:386,0
DA:389,0
DA:390,0
DA:396,0
DA:397,0
DA:398,0
DA:399,0
DA:400,0
DA:401,0
DA:402,0
DA:405,0
DA:406,0
DA:407,0
DA:411,0
DA:413,0
DA:435,0
DA:450,0
DA:455,0
DA:456,0
DA:457,0
DA:458,0
DA:459,0
DA:465,0
DA:466,0
DA:467,0
DA:473,0
DA:474,0
DA:475,0
DA:480,0
DA:482,0
DA:483,0
DA:489,0
DA:493,0
DA:494,0
DA:496,0
DA:501,0
DA:505,0
LF:153
LH:0
BRDA:15,0,0,0
BRDA:15,0,1,0
BRDA:28,1,0,0
BRDA:28,1,1,0
BRDA:62,2,0,0
BRDA:62,2,1,0
BRDA:105,3,0,0
BRDA:105,3,1,0
BRDA:113,4,0,0
BRDA:113,4,1,0
BRDA:139,5,0,0
BRDA:139,5,1,0
BRDA:146,6,0,0
BRDA:146,6,1,0
BRDA:190,7,0,0
BRDA:190,7,1,0
BRDA:197,8,0,0
BRDA:197,8,1,0
BRDA:241,9,0,0
BRDA:241,9,1,0
BRDA:285,10,0,0
BRDA:285,10,1,0
BRDA:285,11,0,0
BRDA:285,11,1,0
BRDA:288,12,0,0
BRDA:288,12,1,0
BRDA:288,13,0,0
BRDA:288,13,1,0
BRDA:291,14,0,0
BRDA:291,14,1,0
BRDA:294,15,0,0
BRDA:294,15,1,0
BRDA:294,16,0,0
BRDA:294,16,1,0
BRDA:297,17,0,0
BRDA:297,17,1,0
BRDA:297,18,0,0
BRDA:297,18,1,0
BRDA:300,19,0,0
BRDA:300,19,1,0
BRDA:300,20,0,0
BRDA:300,20,1,0
BRDA:306,21,0,0
BRDA:306,21,1,0
BRDA:306,22,0,0
BRDA:306,22,1,0
BRDA:326,23,0,0
BRDA:326,23,1,0
BRDA:337,24,0,0
BRDA:337,24,1,0
BRDA:369,25,0,0
BRDA:369,25,1,0
BRDA:369,26,0,0
BRDA:369,26,1,0
BRDA:397,27,0,0
BRDA:397,27,1,0
BRDA:398,28,0,0
BRDA:398,28,1,0
BRDA:399,29,0,0
BRDA:399,29,1,0
BRDA:400,30,0,0
BRDA:400,30,1,0
BRDA:401,31,0,0
BRDA:401,31,1,0
BRDA:402,32,0,0
BRDA:402,32,1,0
BRDA:402,32,2,0
BRDA:406,33,0,0
BRDA:406,33,1,0
BRDA:455,34,0,0
BRDA:455,34,1,0
BRDA:455,34,2,0
BRDA:455,34,3,0
BRDA:459,35,0,0
BRDA:459,35,1,0
BRDA:465,36,0,0
BRDA:465,36,1,0
BRDA:493,37,0,0
BRDA:493,37,1,0
BRF:79
BRH:0
end_of_record
TN:
SF:src\constants\roles.js
FN:75,isValidRole
FN:82,hasPermission
FN:95,isHigherRole
FNF:3
FNH:0
FNDA:0,isValidRole
FNDA:0,hasPermission
FNDA:0,isHigherRole
DA:6,0
DA:16,0
DA:61,0
DA:70,0
DA:76,0
DA:83,0
DA:84,0
DA:86,0
DA:87,0
DA:89,0
DA:96,0
DA:99,0
LF:12
LH:0
BRDA:84,0,0,0
BRDA:84,0,1,0
BRDA:87,1,0,0
BRDA:87,1,1,0
BRDA:96,2,0,0
BRDA:96,2,1,0
BRDA:96,3,0,0
BRDA:96,3,1,0
BRF:8
BRH:0
end_of_record
TN:
SF:src\middleware\auth.js
FN:4,(anonymous_0)
FN:55,(anonymous_1)
FN:56,(anonymous_2)
FN:65,(anonymous_3)
FNF:4
FNH:0
FNDA:0,(anonymous_0)
FNDA:0,(anonymous_1)
FNDA:0,(anonymous_2)
FNDA:0,(anonymous_3)
DA:1,0
DA:2,0
DA:4,0
DA:5,0
DA:6,0
DA:7,0
DA:10,0
DA:11,0
DA:12,0
DA:16,0
DA:17,0
DA:18,0
DA:21,0
DA:24,0
DA:25,0
DA:31,0
DA:35,0
DA:36,0
DA:38,0
DA:39,0
DA:41,0
DA:42,0
DA:44,0
DA:45,0
DA:47,0
DA:48,0
DA:53,0
DA:55,0
DA:56,0
DA:57,0
DA:58,0
DA:60,0
DA:65,0
DA:66,0
DA:67,0
DA:69,0
DA:73,0
LF:37
LH:0
BRDA:7,0,0,0
BRDA:7,0,1,0
BRDA:10,1,0,0
BRDA:10,1,1,0
BRDA:16,2,0,0
BRDA:16,2,1,0
BRDA:24,3,0,0
BRDA:24,3,1,0
BRDA:36,4,0,0
BRDA:36,4,1,0
BRDA:41,5,0,0
BRDA:41,5,1,0
BRDA:44,6,0,0
BRDA:44,6,1,0
BRDA:57,7,0,0
BRDA:57,7,1,0
BRDA:66,8,0,0
BRDA:66,8,1,0
BRDA:66,9,0,0
BRDA:66,9,1,0
BRF:20
BRH:0
end_of_record
TN:
SF:src\middleware\errorHandler.js
FN:2,(anonymous_0)
FN:13,(anonymous_1)
FN:63,(anonymous_2)
FNF:3
FNH:0
FNDA:0,(anonymous_0)
FNDA:0,(anonymous_1)
FNDA:0,(anonymous_2)
DA:2,0
DA:3,0
DA:12,0
DA:13,0
DA:14,0
DA:22,0
DA:23,0
DA:24,0
DA:31,0
DA:32,0
DA:38,0
DA:39,0
DA:46,0
DA:47,0
DA:54,0
DA:55,0
DA:63,0
DA:64,0
DA:65,0
DA:66,0
DA:69,0
LF:21
LH:0
BRDA:12,0,0,0
BRDA:12,0,1,0
BRDA:22,1,0,0
BRDA:22,1,1,0
BRDA:31,2,0,0
BRDA:31,2,1,0
BRDA:38,3,0,0
BRDA:38,3,1,0
BRDA:46,4,0,0
BRDA:46,4,1,0
BRDA:54,5,0,0
BRDA:54,5,1,0
BRDA:57,6,0,0
BRDA:57,6,1,0
BRDA:58,7,0,0
BRDA:58,7,1,0
BRF:16
BRH:0
end_of_record
TN:
SF:src\middleware\performanceMonitor.js
FN:5,(anonymous_0)
FN:17,(anonymous_1)
FN:18,(anonymous_2)
FN:22,(anonymous_3)
FN:60,(anonymous_4)
FN:81,(anonymous_5)
FNF:6
FNH:0
FNDA:0,(anonymous_0)
FNDA:0,(anonymous_1)
FNDA:0,(anonymous_2)
FNDA:0,(anonymous_3)
FNDA:0,(anonymous_4)
FNDA:0,(anonymous_5)
DA:2,0
DA:6,0
DA:13,0
DA:14,0
DA:18,0
DA:19,0
DA:22,0
DA:23,0
DA:25,0
DA:26,0
DA:28,0
DA:29,0
DA:33,0
DA:34,0
DA:43,0
DA:44,0
DA:47,0
DA:56,0
DA:61,0
DA:65,0
DA:82,0
DA:91,0
LF:22
LH:0
BRDA:28,0,0,0
BRDA:28,0,1,0
BRDA:33,1,0,0
BRDA:33,1,1,0
BRDA:43,2,0,0
BRDA:43,2,1,0
BRDA:61,3,0,0
BRDA:61,3,1,0
BRDA:68,4,0,0
BRDA:68,4,1,0
BRF:10
BRH:0
end_of_record
TN:
SF:src\middleware\permissions.js
FN:13,(anonymous_0)
FN:14,(anonymous_1)
FN:53,(anonymous_2)
FN:54,(anonymous_3)
FN:80,adminOnly
FN:87,adminOrCashier
FNF:6
FNH:0
FNDA:0,(anonymous_0)
FNDA:0,(anonymous_1)
FNDA:0,(anonymous_2)
FNDA:0,(anonymous_3)
FNDA:0,adminOnly
FNDA:0,adminOrCashier
DA:6,0
DA:13,0
DA:14,0
DA:15,0
DA:17,0
DA:18,0
DA:24,0
DA:26,0
DA:27,0
DA:34,0
DA:36,0
DA:37,0
DA:45,0
DA:53,0
DA:54,0
DA:55,0
DA:57,0
DA:58,0
DA:64,0
DA:65,0
DA:73,0
DA:81,0
DA:88,0
DA:91,0
LF:24
LH:0
BRDA:17,0,0,0
BRDA:17,0,1,0
BRDA:26,1,0,0
BRDA:26,1,1,0
BRDA:36,2,0,0
BRDA:36,2,1,0
BRDA:36,3,0,0
BRDA:36,3,1,0
BRDA:57,4,0,0
BRDA:57,4,1,0
BRDA:64,5,0,0
BRDA:64,5,1,0
BRF:12
BRH:0
end_of_record
TN:
SF:src\middleware\rateLimiter.js
FN:13,(anonymous_0)
FN:32,(anonymous_1)
FN:70,(anonymous_2)
FN:98,(anonymous_3)
FNF:4
FNH:0
FNDA:0,(anonymous_0)
FNDA:0,(anonymous_1)
FNDA:0,(anonymous_2)
FNDA:0,(anonymous_3)
DA:1,0
DA:4,0
DA:15,0
DA:16,0
DA:17,0
DA:19,0
DA:24,0
DA:34,0
DA:35,0
DA:36,0
DA:38,0
DA:43,0
DA:53,0
DA:63,0
DA:72,0
DA:73,0
DA:74,0
DA:76,0
DA:81,0
DA:91,0
DA:100,0
DA:101,0
DA:102,0
DA:104,0
DA:108,0
LF:25
LH:0
BRDA:6,0,0,0
BRDA:6,0,1,0
BRDA:15,1,0,0
BRDA:15,1,1,0
BRDA:16,2,0,0
BRDA:16,2,1,0
BRDA:17,3,0,0
BRDA:17,3,1,0
BRDA:17,3,2,0
BRDA:26,4,0,0
BRDA:26,4,1,0
BRDA:34,5,0,0
BRDA:34,5,1,0
BRDA:35,6,0,0
BRDA:35,6,1,0
BRDA:36,7,0,0
BRDA:36,7,1,0
BRDA:36,7,2,0
BRDA:65,8,0,0
BRDA:65,8,1,0
BRDA:72,9,0,0
BRDA:72,9,1,0
BRDA:73,10,0,0
BRDA:73,10,1,0
BRDA:74,11,0,0
BRDA:74,11,1,0
BRDA:74,11,2,0
BRDA:93,12,0,0
BRDA:93,12,1,0
BRDA:100,13,0,0
BRDA:100,13,1,0
BRDA:101,14,0,0
BRDA:101,14,1,0
BRDA:102,15,0,0
BRDA:102,15,1,0
BRDA:102,15,2,0
BRF:36
BRH:0
end_of_record
TN:
SF:src\middleware\serviceErrorHandler.js
FN:7,(anonymous_0)
FN:128,(anonymous_1)
FN:129,(anonymous_2)
FN:138,(anonymous_3)
FN:139,(anonymous_4)
FNF:5
FNH:0
FNDA:0,(anonymous_0)
FNDA:0,(anonymous_1)
FNDA:0,(anonymous_2)
FNDA:0,(anonymous_3)
FNDA:0,(anonymous_4)
DA:1,0
DA:7,0
DA:9,0
DA:10,0
DA:14,0
DA:26,0
DA:27,0
DA:28,0
DA:30,0
DA:32,0
DA:33,0
DA:34,0
DA:35,0
DA:38,0
DA:39,0
DA:40,0
DA:41,0
DA:44,0
DA:45,0
DA:46,0
DA:47,0
DA:50,0
DA:51,0
DA:52,0
DA:53,0
DA:57,0
DA:58,0
DA:59,0
DA:60,0
DA:63,0
DA:64,0
DA:65,0
DA:68,0
DA:69,0
DA:70,0
DA:72,0
DA:75,0
DA:76,0
DA:77,0
DA:78,0
DA:81,0
DA:82,0
DA:83,0
DA:84,0
DA:87,0
DA:88,0
DA:89,0
DA:90,0
DA:94,0
DA:95,0
DA:96,0
DA:98,0
DA:102,0
DA:112,0
DA:113,0
DA:114,0
DA:121,0
DA:128,0
DA:129,0
DA:130,0
DA:138,0
DA:139,0
DA:140,0
DA:141,0
DA:144,0
DA:145,0
DA:149,0
DA:154,0
DA:159,0
LF:69
LH:0
BRDA:9,0,0,0
BRDA:9,0,1,0
BRDA:30,1,0,0
BRDA:30,1,1,0
BRDA:30,1,2,0
BRDA:30,1,3,0
BRDA:30,1,4,0
BRDA:30,1,5,0
BRDA:30,1,6,0
BRDA:30,1,7,0
BRDA:30,1,8,0
BRDA:30,1,9,0
BRDA:57,2,0,0
BRDA:57,2,1,0
BRDA:63,3,0,0
BRDA:63,3,1,0
BRDA:64,4,0,0
BRDA:64,4,1,0
BRDA:94,5,0,0
BRDA:94,5,1,0
BRDA:107,6,0,0
BRDA:107,6,1,0
BRDA:112,7,0,0
BRDA:112,7,1,0
BRDA:144,8,0,0
BRDA:144,8,1,0
BRDA:144,9,0,0
BRDA:144,9,1,0
BRDA:144,9,2,0
BRF:29
BRH:0
end_of_record
TN:
SF:src\middleware\validator.js
FN:4,(anonymous_0)
FN:52,(anonymous_1)
FN:102,(anonymous_2)
FN:168,(anonymous_3)
FN:189,(anonymous_4)
FN:190,(anonymous_5)
FN:203,(anonymous_6)
FN:204,(anonymous_7)
FN:236,(anonymous_8)
FNF:9
FNH:0
FNDA:0,(anonymous_0)
FNDA:0,(anonymous_1)
FNDA:0,(anonymous_2)
FNDA:0,(anonymous_3)
FNDA:0,(anonymous_4)
FNDA:0,(anonymous_5)
FNDA:0,(anonymous_6)
FNDA:0,(anonymous_7)
FNDA:0,(anonymous_8)
DA:2,0
DA:4,0
DA:5,0
DA:7,0
DA:8,0
DA:14,0
DA:15,0
DA:21,0
DA:22,0
DA:28,0
DA:29,0
DA:35,0
DA:36,0
DA:42,0
DA:43,0
DA:49,0
DA:52,0
DA:53,0
DA:55,0
DA:56,0
DA:62,0
DA:63,0
DA:69,0
DA:70,0
DA:77,0
DA:78,0
DA:81,0
DA:82,0
DA:83,0
DA:84,0
DA:85,0
DA:86,0
DA:89,0
DA:90,0
DA:97,0
DA:99,0
DA:102,0
DA:103,0
DA:105,0
DA:106,0
DA:112,0
DA:113,0
DA:119,0
DA:120,0
DA:126,0
DA:127,0
DA:134,0
DA:135,0
DA:136,0
DA:143,0
DA:144,0
DA:150,0
DA:151,0
DA:157,0
DA:158,0
DA:165,0
DA:168,0
DA:169,0
DA:171,0
DA:172,0
DA:178,0
DA:179,0
DA:185,0
DA:189,0
DA:190,0
DA:191,0
DA:192,0
DA:193,0
DA:198,0
DA:203,0
DA:204,0
DA:205,0
DA:206,0
DA:212,0
DA:214,0
DA:221,0
DA:222,0
DA:223,0
DA:224,0
DA:229,0
DA:230,0
DA:231,0
DA:235,0
DA:236,0
DA:238,0
DA:241,0
DA:242,0
DA:245,0
DA:246,0
DA:249,0
DA:250,0
DA:253,0
DA:256,0
LF:93
LH:0
BRDA:7,0,0,0
BRDA:7,0,1,0
BRDA:7,1,0,0
BRDA:7,1,1,0
BRDA:14,2,0,0
BRDA:14,2,1,0
BRDA:21,3,0,0
BRDA:21,3,1,0
BRDA:21,4,0,0
BRDA:21,4,1,0
BRDA:28,5,0,0
BRDA:28,5,1,0
BRDA:35,6,0,0
BRDA:35,6,1,0
BRDA:35,7,0,0
BRDA:35,7,1,0
BRDA:35,7,2,0
BRDA:42,8,0,0
BRDA:42,8,1,0
BRDA:42,9,0,0
BRDA:42,9,1,0
BRDA:55,10,0,0
BRDA:55,10,1,0
BRDA:55,11,0,0
BRDA:55,11,1,0
BRDA:62,12,0,0
BRDA:62,12,1,0
BRDA:69,13,0,0
BRDA:69,13,1,0
BRDA:69,14,0,0
BRDA:69,14,1,0
BRDA:81,15,0,0
BRDA:81,15,1,0
BRDA:81,16,0,0
BRDA:81,16,1,0
BRDA:83,17,0,0
BRDA:83,17,1,0
BRDA:83,18,0,0
BRDA:83,18,1,0
BRDA:85,19,0,0
BRDA:85,19,1,0
BRDA:85,20,0,0
BRDA:85,20,1,0
BRDA:89,21,0,0
BRDA:89,21,1,0
BRDA:105,22,0,0
BRDA:105,22,1,0
BRDA:105,23,0,0
BRDA:105,23,1,0
BRDA:105,23,2,0
BRDA:112,24,0,0
BRDA:112,24,1,0
BRDA:119,25,0,0
BRDA:119,25,1,0
BRDA:119,26,0,0
BRDA:119,26,1,0
BRDA:119,26,2,0
BRDA:126,27,0,0
BRDA:126,27,1,0
BRDA:135,28,0,0
BRDA:135,28,1,0
BRDA:135,29,0,0
BRDA:135,29,1,0
BRDA:135,29,2,0
BRDA:143,30,0,0
BRDA:143,30,1,0
BRDA:150,31,0,0
BRDA:150,31,1,0
BRDA:150,32,0,0
BRDA:150,32,1,0
BRDA:157,33,0,0
BRDA:157,33,1,0
BRDA:157,34,0,0
BRDA:157,34,1,0
BRDA:171,35,0,0
BRDA:171,35,1,0
BRDA:171,36,0,0
BRDA:171,36,1,0
BRDA:178,37,0,0
BRDA:178,37,1,0
BRDA:192,38,0,0
BRDA:192,38,1,0
BRDA:205,39,0,0
BRDA:205,39,1,0
BRDA:212,40,0,0
BRDA:212,40,1,0
BRDA:212,41,0,0
BRDA:212,41,1,0
BRDA:212,41,2,0
BRDA:222,42,0,0
BRDA:222,42,1,0
BRDA:230,43,0,0
BRDA:230,43,1,0
BRDA:235,44,0,0
BRDA:235,44,1,0
BRDA:241,45,0,0
BRDA:241,45,1,0
BRDA:245,46,0,0
BRDA:245,46,1,0
BRDA:249,47,0,0
BRDA:249,47,1,0
BRF:101
BRH:0
end_of_record
TN:
SF:src\models\AdvancePayment.js
FN:69,(anonymous_0)
FN:78,(anonymous_1)
FN:87,(anonymous_2)
FN:95,(anonymous_3)
FN:104,(anonymous_4)
FN:106,(anonymous_5)
FNF:6
FNH:0
FNDA:0,(anonymous_0)
FNDA:0,(anonymous_1)
FNDA:0,(anonymous_2)
FNDA:0,(anonymous_3)
FNDA:0,(anonymous_4)
FNDA:0,(anonymous_5)
DA:1,0
DA:3,0
DA:64,0
DA:65,0
DA:66,0
DA:69,0
DA:70,0
DA:71,0
DA:72,0
DA:73,0
DA:74,0
DA:78,0
DA:79,0
DA:80,0
DA:81,0
DA:82,0
DA:83,0
DA:87,0
DA:88,0
DA:89,0
DA:90,0
DA:91,0
DA:95,0
DA:96,0
DA:104,0
DA:105,0
DA:106,0
DA:109,0
LF:28
LH:0
BRF:0
BRH:0
end_of_record
TN:
SF:src\models\Attendance.js
FN:62,(anonymous_0)
FN:71,(anonymous_1)
FN:92,(anonymous_2)
FNF:3
FNH:0
FNDA:0,(anonymous_0)
FNDA:0,(anonymous_1)
FNDA:0,(anonymous_2)
DA:1,0
DA:3,0
DA:57,0
DA:58,0
DA:59,0
DA:62,0
DA:63,0
DA:64,0
DA:65,0
DA:67,0
DA:71,0
DA:72,0
DA:73,0
DA:75,0
DA:80,0
DA:92,0
DA:93,0
DA:94,0
DA:96,0
DA:98,0
DA:99,0
DA:101,0
DA:102,0
DA:104,0
DA:105,0
DA:107,0
DA:108,0
DA:110,0
DA:111,0
DA:113,0
DA:114,0
DA:118,0
DA:122,0
DA:125,0
LF:34
LH:0
BRDA:63,0,0,0
BRDA:63,0,1,0
BRDA:63,1,0,0
BRDA:63,1,1,0
BRDA:96,2,0,0
BRDA:96,2,1,0
BRDA:96,2,2,0
BRDA:96,2,3,0
BRDA:96,2,4,0
BRDA:96,2,5,0
BRDA:118,3,0,0
BRDA:118,3,1,0
BRF:12
BRH:0
end_of_record
TN:
SF:src\models\Category.js
FNF:0
FNH:0
DA:1,0
DA:3,0
DA:15,0
DA:36,0
DA:37,0
DA:39,0
LF:6
LH:0
BRF:0
BRH:0
end_of_record
TN:
SF:src\models\Customer.js
FNF:0
FNH:0
DA:1,0
DA:3,0
DA:15,0
LF:3
LH:0
BRF:0
BRH:0
end_of_record
TN:
SF:src\models\Debt.js
FNF:0
FNH:0
DA:1,0
DA:3,0
DA:9,0
DA:15,0
DA:36,0
DA:37,0
DA:38,0
DA:39,0
DA:40,0
DA:42,0
LF:10
LH:0
BRF:0
BRH:0
end_of_record
TN:
SF:src\models\Expense.js
FN:53,(anonymous_0)
FN:58,(anonymous_1)
FNF:2
FNH:0
FNDA:0,(anonymous_0)
FNDA:0,(anonymous_1)
DA:1,0
DA:3,0
DA:49,0
DA:50,0
DA:53,0
DA:54,0
DA:58,0
DA:59,0
DA:60,0
DA:62,0
DA:65,0
LF:11
LH:0
BRDA:59,0,0,0
BRDA:59,0,1,0
BRF:2
BRH:0
end_of_record
TN:
SF:src\models\KPIAssignment.js
FN:74,(anonymous_0)
FN:88,(anonymous_1)
FNF:2
FNH:0
FNDA:0,(anonymous_0)
FNDA:0,(anonymous_1)
DA:1,0
DA:3,0
DA:59,0
DA:60,0
DA:61,0
DA:62,0
DA:65,0
DA:74,0
DA:75,0
DA:76,0
DA:88,0
DA:89,0
DA:90,0
DA:91,0
DA:94,0
LF:15
LH:0
BRF:0
BRH:0
end_of_record
TN:
SF:src\models\KPIRecord.js
FN:96,(anonymous_0)
FN:105,(anonymous_1)
FN:107,(anonymous_2)
FN:111,(anonymous_3)
FNF:4
FNH:0
FNDA:0,(anonymous_0)
FNDA:0,(anonymous_1)
FNDA:0,(anonymous_2)
FNDA:0,(anonymous_3)
DA:1,0
DA:3,0
DA:90,0
DA:91,0
DA:92,0
DA:93,0
DA:96,0
DA:97,0
DA:98,0
DA:105,0
DA:106,0
DA:107,0
DA:111,0
DA:112,0
DA:114,0
DA:115,0
DA:116,0
DA:117,0
DA:119,0
DA:122,0
DA:125,0
LF:21
LH:0
BRDA:114,0,0,0
BRDA:114,0,1,0
BRF:2
BRH:0
end_of_record
TN:
SF:src\models\KPITemplate.js
FN:117,(anonymous_0)
FN:155,(anonymous_1)
FNF:2
FNH:0
FNDA:0,(anonymous_0)
FNDA:0,(anonymous_1)
DA:1,0
DA:3,0
DA:112,0
DA:113,0
DA:114,0
DA:117,0
DA:118,0
DA:120,0
DA:122,0
DA:123,0
DA:126,0
DA:127,0
DA:130,0
DA:131,0
DA:132,0
DA:133,0
DA:135,0
DA:137,0
DA:141,0
DA:142,0
DA:143,0
DA:144,0
DA:146,0
DA:148,0
DA:151,0
DA:155,0
DA:156,0
DA:157,0
DA:159,0
DA:162,0
LF:30
LH:0
BRDA:120,0,0,0
BRDA:120,0,1,0
BRDA:120,0,2,0
BRDA:120,0,3,0
BRDA:130,1,0,0
BRDA:130,1,1,0
BRDA:132,2,0,0
BRDA:132,2,1,0
BRDA:141,3,0,0
BRDA:141,3,1,0
BRDA:143,4,0,0
BRDA:143,4,1,0
BRF:12
BRH:0
end_of_record
TN:
SF:src\models\KassaSession.js
FN:36,(anonymous_0)
FN:46,(anonymous_1)
FN:53,(anonymous_2)
FNF:3
FNH:0
FNDA:0,(anonymous_0)
FNDA:0,(anonymous_1)
FNDA:0,(anonymous_2)
DA:1,0
DA:3,0
DA:36,0
DA:43,0
DA:46,0
DA:47,0
DA:48,0
DA:49,0
DA:53,0
DA:54,0
DA:57,0
LF:11
LH:0
BRDA:54,0,0,0
BRDA:54,0,1,0
BRF:2
BRH:0
end_of_record
TN:
SF:src\models\Order.js
FNF:0
FNH:0
DA:1,0
DA:3,0
DA:29,0
DA:47,0
LF:4
LH:0
BRF:0
BRH:0
end_of_record
TN:
SF:src\models\Payroll.js
FN:121,(anonymous_0)
FN:132,(anonymous_1)
FN:140,(anonymous_2)
FN:148,(anonymous_3)
FN:154,(anonymous_4)
FN:176,(anonymous_5)
FN:188,(anonymous_6)
FNF:7
FNH:0
FNDA:0,(anonymous_0)
FNDA:0,(anonymous_1)
FNDA:0,(anonymous_2)
FNDA:0,(anonymous_3)
FNDA:0,(anonymous_4)
FNDA:0,(anonymous_5)
FNDA:0,(anonymous_6)
DA:1,0
DA:3,0
DA:115,0
DA:116,0
DA:117,0
DA:118,0
DA:121,0
DA:123,0
DA:126,0
DA:128,0
DA:132,0
DA:133,0
DA:134,0
DA:135,0
DA:136,0
DA:140,0
DA:141,0
DA:142,0
DA:143,0
DA:144,0
DA:148,0
DA:149,0
DA:150,0
DA:154,0
DA:155,0
DA:158,0
DA:159,0
DA:160,0
DA:164,0
DA:165,0
DA:167,0
DA:168,0
DA:172,0
DA:173,0
DA:176,0
DA:188,0
DA:191,0
DA:205,0
DA:208,0
LF:39
LH:0
BRDA:140,0,0,0
BRDA:159,1,0,0
BRDA:159,1,1,0
BRDA:167,2,0,0
BRDA:167,2,1,0
BRF:5
BRH:0
end_of_record
TN:
SF:src\models\PriceHistory.js
FN:85,(anonymous_0)
FN:99,(anonymous_1)
FN:100,(anonymous_2)
FN:177,(anonymous_3)
FN:186,(anonymous_4)
FN:195,(anonymous_5)
FNF:6
FNH:0
FNDA:0,(anonymous_0)
FNDA:0,(anonymous_1)
FNDA:0,(anonymous_2)
FNDA:0,(anonymous_3)
FNDA:0,(anonymous_4)
FNDA:0,(anonymous_5)
DA:6,0
DA:8,0
DA:22,0
DA:76,0
DA:77,0
DA:78,0
DA:79,0
DA:80,0
DA:85,0
DA:86,0
DA:87,0
DA:88,0
DA:90,0
DA:91,0
DA:93,0
DA:94,0
DA:98,0
DA:99,0
DA:100,0
DA:103,0
DA:104,0
DA:106,0
DA:108,0
DA:115,0
DA:121,0
DA:134,0
DA:135,0
DA:136,0
DA:147,0
DA:148,0
DA:152,0
DA:168,0
DA:169,0
DA:171,0
DA:172,0
DA:177,0
DA:178,0
DA:186,0
DA:187,0
DA:195,0
DA:196,0
DA:231,0
DA:234,0
LF:43
LH:0
BRDA:85,0,0,0
BRDA:93,1,0,0
BRDA:93,1,1,0
BRDA:93,2,0,0
BRDA:93,2,1,0
BRDA:100,3,0,0
BRDA:100,3,1,0
BRDA:106,4,0,0
BRDA:106,4,1,0
BRDA:115,5,0,0
BRDA:115,5,1,0
BRDA:116,6,0,0
BRDA:116,6,1,0
BRDA:116,6,2,0
BRDA:134,7,0,0
BRDA:134,7,1,0
BRDA:135,8,0,0
BRDA:135,8,1,0
BRDA:147,9,0,0
BRDA:147,9,1,0
BRDA:156,10,0,0
BRDA:156,10,1,0
BRDA:164,11,0,0
BRDA:164,11,1,0
BRDA:177,12,0,0
BRDA:186,13,0,0
BRF:26
BRH:0
end_of_record
TN:
SF:src\models\Product.js
FN:166,(anonymous_0)
FN:167,(anonymous_1)
FN:172,(anonymous_2)
FN:173,(anonymous_3)
FN:178,(anonymous_4)
FN:179,(anonymous_5)
FN:184,(anonymous_6)
FN:185,(anonymous_7)
FN:188,(anonymous_8)
FN:192,(anonymous_9)
FN:238,(anonymous_10)
FN:250,(anonymous_11)
FN:251,(anonymous_12)
FN:271,(anonymous_13)
FN:281,(anonymous_14)
FN:286,(anonymous_15)
FNF:16
FNH:0
FNDA:0,(anonymous_0)
FNDA:0,(anonymous_1)
FNDA:0,(anonymous_2)
FNDA:0,(anonymous_3)
FNDA:0,(anonymous_4)
FNDA:0,(anonymous_5)
FNDA:0,(anonymous_6)
FNDA:0,(anonymous_7)
FNDA:0,(anonymous_8)
FNDA:0,(anonymous_9)
FNDA:0,(anonymous_10)
FNDA:0,(anonymous_11)
FNDA:0,(anonymous_12)
FNDA:0,(anonymous_13)
FNDA:0,(anonymous_14)
FNDA:0,(anonymous_15)
DA:1,1
DA:4,1
DA:14,1
DA:23,1
DA:53,1
DA:166,1
DA:167,0
DA:168,0
DA:172,1
DA:173,0
DA:174,0
DA:178,1
DA:179,0
DA:180,0
DA:184,1
DA:185,0
DA:186,0
DA:188,0
DA:192,1
DA:193,0
DA:194,0
DA:197,0
DA:199,0
DA:200,0
DA:202,0
DA:204,0
DA:205,0
DA:207,0
DA:209,0
DA:213,0
DA:214,0
DA:215,0
DA:216,0
DA:217,0
DA:218,0
DA:219,0
DA:228,0
DA:238,1
DA:239,0
DA:250,1
DA:251,0
DA:253,0
DA:261,0
DA:263,0
DA:266,0
DA:271,1
DA:272,0
DA:281,1
DA:282,0
DA:286,1
DA:287,0
DA:291,1
DA:292,1
DA:293,1
DA:294,1
DA:295,1
DA:296,1
DA:297,1
DA:298,1
DA:299,1
DA:300,1
DA:301,1
DA:302,1
DA:304,1
LF:64
LH:28
BRDA:167,0,0,0
BRDA:167,0,1,0
BRDA:168,1,0,0
BRDA:168,1,1,0
BRDA:173,2,0,0
BRDA:173,2,1,0
BRDA:174,3,0,0
BRDA:174,3,1,0
BRDA:179,4,0,0
BRDA:179,4,1,0
BRDA:180,5,0,0
BRDA:180,5,1,0
BRDA:186,6,0,0
BRDA:186,6,1,0
BRDA:192,7,0,0
BRDA:197,8,0,0
BRDA:197,8,1,0
BRDA:197,8,2,0
BRDA:204,9,0,0
BRDA:204,9,1,0
BRDA:204,10,0,0
BRDA:204,10,1,0
BRDA:215,11,0,0
BRDA:215,11,1,0
BRDA:217,12,0,0
BRDA:217,12,1,0
BRDA:230,13,0,0
BRDA:230,13,1,0
BRDA:250,14,0,0
BRDA:256,15,0,0
BRDA:256,15,1,0
BRDA:257,16,0,0
BRDA:257,16,1,0
BRDA:258,17,0,0
BRDA:258,17,1,0
BRDA:261,18,0,0
BRDA:261,18,1,0
BRDA:271,19,0,0
BRF:38
BRH:0
end_of_record
TN:
SF:src\models\ProductOrder.js
FNF:0
FNH:0
DA:1,0
DA:3,0
DA:57,0
DA:58,0
DA:59,0
DA:61,0
LF:6
LH:0
BRF:0
BRH:0
end_of_record
TN:
SF:src\models\Receipt.js
FNF:0
FNH:0
DA:1,0
DA:3,0
DA:35,0
DA:62,0
LF:4
LH:0
BRF:0
BRH:0
end_of_record
TN:
SF:src\models\SalarySetting.js
FN:93,(anonymous_0)
FN:94,(anonymous_1)
FN:98,(anonymous_2)
FN:99,(anonymous_3)
FN:108,(anonymous_4)
FNF:5
FNH:0
FNDA:0,(anonymous_0)
FNDA:0,(anonymous_1)
FNDA:0,(anonymous_2)
FNDA:0,(anonymous_3)
FNDA:0,(anonymous_4)
DA:1,0
DA:3,0
DA:89,0
DA:90,0
DA:93,0
DA:94,0
DA:98,0
DA:99,0
DA:100,0
DA:101,0
DA:103,0
DA:108,0
DA:109,0
DA:110,0
DA:121,0
LF:15
LH:0
BRDA:100,0,0,0
BRDA:100,0,1,0
BRDA:103,1,0,0
BRDA:103,1,1,0
BRF:4
BRH:0
end_of_record
TN:
SF:src\models\User.js
FN:27,(anonymous_0)
FN:33,(anonymous_1)
FNF:2
FNH:0
FNDA:0,(anonymous_0)
FNDA:0,(anonymous_1)
DA:1,0
DA:2,0
DA:3,0
DA:5,0
DA:27,0
DA:28,0
DA:29,0
DA:30,0
DA:33,0
DA:34,0
DA:37,0
LF:11
LH:0
BRDA:28,0,0,0
BRDA:28,0,1,0
BRF:2
BRH:0
end_of_record
TN:
SF:src\models\Warehouse.js
FNF:0
FNH:0
DA:1,1
DA:3,1
DA:9,1
LF:3
LH:3
BRF:0
BRH:0
end_of_record
TN:
SF:src\routes\auth.js
FN:12,(anonymous_0)
FN:19,(anonymous_1)
FN:31,(anonymous_2)
FN:43,(anonymous_3)
FN:49,(anonymous_4)
FN:59,(anonymous_5)
FN:71,(anonymous_6)
FN:81,(anonymous_7)
FN:96,(anonymous_8)
FN:110,(anonymous_9)
FN:125,(anonymous_10)
FN:135,(anonymous_11)
FN:162,(anonymous_12)
FN:189,(anonymous_13)
FNF:14
FNH:0
FNDA:0,(anonymous_0)
FNDA:0,(anonymous_1)
FNDA:0,(anonymous_2)
FNDA:0,(anonymous_3)
FNDA:0,(anonymous_4)
FNDA:0,(anonymous_5)
FNDA:0,(anonymous_6)
FNDA:0,(anonymous_7)
FNDA:0,(anonymous_8)
FNDA:0,(anonymous_9)
FNDA:0,(anonymous_10)
FNDA:0,(anonymous_11)
FNDA:0,(anonymous_12)
FNDA:0,(anonymous_13)
DA:1,0
DA:2,0
DA:3,0
DA:4,0
DA:6,0
DA:9,0
DA:12,0
DA:13,0
DA:14,0
DA:15,0
DA:19,0
DA:20,0
DA:21,0
DA:23,0
DA:25,0
DA:26,0
DA:31,0
DA:32,0
DA:43,0
DA:44,0
DA:45,0
DA:49,0
DA:50,0
DA:51,0
DA:54,0
DA:55,0
DA:59,0
DA:60,0
DA:61,0
DA:64,0
DA:65,0
DA:71,0
DA:72,0
DA:73,0
DA:76,0
DA:77,0
DA:81,0
DA:82,0
DA:83,0
DA:86,0
DA:87,0
DA:88,0
DA:96,0
DA:97,0
DA:98,0
DA:101,0
DA:102,0
DA:110,0
DA:111,0
DA:112,0
DA:115,0
DA:116,0
DA:125,0
DA:126,0
DA:127,0
DA:130,0
DA:131,0
DA:135,0
DA:136,0
DA:137,0
DA:140,0
DA:141,0
DA:144,0
DA:145,0
DA:154,0
DA:162,0
DA:163,0
DA:164,0
DA:167,0
DA:170,0
DA:171,0
DA:181,0
DA:189,0
DA:190,0
DA:191,0
DA:194,0
DA:197,0
DA:198,0
DA:201,0
DA:207,0
LF:80
LH:0
BRDA:36,0,0,0
BRDA:36,0,1,0
BRDA:50,1,0,0
BRDA:50,1,1,0
BRDA:60,2,0,0
BRDA:60,2,1,0
BRDA:72,3,0,0
BRDA:72,3,1,0
BRDA:82,4,0,0
BRDA:82,4,1,0
BRDA:97,5,0,0
BRDA:97,5,1,0
BRDA:111,6,0,0
BRDA:111,6,1,0
BRDA:126,7,0,0
BRDA:126,7,1,0
BRDA:136,8,0,0
BRDA:136,8,1,0
BRDA:144,9,0,0
BRDA:144,9,1,0
BRDA:163,10,0,0
BRDA:163,10,1,0
BRDA:170,11,0,0
BRDA:170,11,1,0
BRDA:190,12,0,0
BRDA:190,12,1,0
BRDA:197,13,0,0
BRDA:197,13,1,0
BRF:28
BRH:0
end_of_record
TN:
SF:src\routes\categories.js
FN:8,(anonymous_0)
FN:19,(anonymous_1)
FN:53,(anonymous_2)
FN:92,(anonymous_3)
FN:116,(anonymous_4)
FN:125,(anonymous_5)
FN:146,(anonymous_6)
FN:161,(anonymous_7)
FN:187,(anonymous_8)
FN:204,(anonymous_9)
FN:230,(anonymous_10)
FNF:11
FNH:0
FNDA:0,(anonymous_0)
FNDA:0,(anonymous_1)
FNDA:0,(anonymous_2)
FNDA:0,(anonymous_3)
FNDA:0,(anonymous_4)
FNDA:0,(anonymous_5)
FNDA:0,(anonymous_6)
FNDA:0,(anonymous_7)
FNDA:0,(anonymous_8)
FNDA:0,(anonymous_9)
FNDA:0,(anonymous_10)
DA:1,0
DA:2,0
DA:3,0
DA:4,0
DA:5,0
DA:8,0
DA:9,0
DA:10,0
DA:11,0
DA:13,0
DA:14,0
DA:19,0
DA:20,0
DA:21,0
DA:23,0
DA:24,0
DA:28,0
DA:29,0
DA:30,0
DA:33,0
DA:38,0
DA:41,0
DA:42,0
DA:45,0
DA:47,0
DA:48,0
DA:53,0
DA:54,0
DA:55,0
DA:57,0
DA:58,0
DA:59,0
DA:63,0
DA:64,0
DA:68,0
DA:69,0
DA:73,0
DA:74,0
DA:75,0
DA:77,0
DA:80,0
DA:81,0
DA:84,0
DA:86,0
DA:87,0
DA:92,0
DA:93,0
DA:94,0
DA:95,0
DA:96,0
DA:100,0
DA:101,0
DA:104,0
DA:105,0
DA:108,0
DA:110,0
DA:111,0
DA:116,0
DA:117,0
DA:118,0
DA:120,0
DA:121,0
DA:125,0
DA:126,0
DA:129,0
DA:131,0
DA:134,0
DA:135,0
DA:138,0
DA:140,0
DA:141,0
DA:146,0
DA:147,0
DA:148,0
DA:150,0
DA:151,0
DA:154,0
DA:155,0
DA:156,0
DA:160,0
DA:161,0
DA:163,0
DA:164,0
DA:167,0
DA:172,0
DA:175,0
DA:176,0
DA:179,0
DA:181,0
DA:182,0
DA:187,0
DA:188,0
DA:189,0
DA:191,0
DA:192,0
DA:193,0
DA:196,0
DA:197,0
DA:198,0
DA:202,0
DA:203,0
DA:204,0
DA:207,0
DA:208,0
DA:212,0
DA:213,0
DA:215,0
DA:218,0
DA:219,0
DA:222,0
DA:224,0
DA:225,0
DA:230,0
DA:231,0
DA:232,0
DA:233,0
DA:234,0
DA:237,0
DA:238,0
DA:239,0
DA:242,0
DA:243,0
DA:246,0
DA:247,0
DA:250,0
DA:252,0
DA:253,0
DA:257,0
LF:128
LH:0
BRDA:23,0,0,0
BRDA:23,0,1,0
BRDA:23,1,0,0
BRDA:23,1,1,0
BRDA:29,2,0,0
BRDA:29,2,1,0
BRDA:35,3,0,0
BRDA:35,3,1,0
BRDA:41,4,0,0
BRDA:41,4,1,0
BRDA:58,5,0,0
BRDA:58,5,1,0
BRDA:63,6,0,0
BRDA:63,6,1,0
BRDA:63,7,0,0
BRDA:63,7,1,0
BRDA:68,8,0,0
BRDA:68,8,1,0
BRDA:73,9,0,0
BRDA:73,9,1,0
BRDA:74,10,0,0
BRDA:74,10,1,0
BRDA:75,11,0,0
BRDA:75,11,1,0
BRDA:80,12,0,0
BRDA:80,12,1,0
BRDA:95,13,0,0
BRDA:95,13,1,0
BRDA:104,14,0,0
BRDA:104,14,1,0
BRDA:120,15,0,0
BRDA:120,15,1,0
BRDA:134,16,0,0
BRDA:134,16,1,0
BRDA:150,17,0,0
BRDA:150,17,1,0
BRDA:150,18,0,0
BRDA:150,18,1,0
BRDA:155,19,0,0
BRDA:155,19,1,0
BRDA:163,20,0,0
BRDA:163,20,1,0
BRDA:169,21,0,0
BRDA:169,21,1,0
BRDA:175,22,0,0
BRDA:175,22,1,0
BRDA:192,23,0,0
BRDA:192,23,1,0
BRDA:197,24,0,0
BRDA:197,24,1,0
BRDA:202,25,0,0
BRDA:202,25,1,0
BRDA:202,26,0,0
BRDA:202,26,1,0
BRDA:204,27,0,0
BRDA:204,27,1,0
BRDA:207,28,0,0
BRDA:207,28,1,0
BRDA:212,29,0,0
BRDA:212,29,1,0
BRDA:213,30,0,0
BRDA:213,30,1,0
BRDA:218,31,0,0
BRDA:218,31,1,0
BRDA:233,32,0,0
BRDA:233,32,1,0
BRDA:238,33,0,0
BRDA:238,33,1,0
BRDA:246,34,0,0
BRDA:246,34,1,0
BRF:70
BRH:0
end_of_record
TN:
SF:src\routes\customers.js
FN:13,(anonymous_0)
FN:19,(anonymous_1)
FN:24,(anonymous_2)
FN:29,(anonymous_3)
FN:35,(anonymous_4)
FN:40,(anonymous_5)
FN:45,(anonymous_6)
FN:50,(anonymous_7)
FNF:8
FNH:0
FNDA:0,(anonymous_0)
FNDA:0,(anonymous_1)
FNDA:0,(anonymous_2)
FNDA:0,(anonymous_3)
FNDA:0,(anonymous_4)
FNDA:0,(anonymous_5)
FNDA:0,(anonymous_6)
FNDA:0,(anonymous_7)
DA:1,0
DA:2,0
DA:3,0
DA:4,0
DA:5,0
DA:7,0
DA:10,0
DA:13,0
DA:14,0
DA:15,0
DA:19,0
DA:20,0
DA:21,0
DA:24,0
DA:25,0
DA:26,0
DA:29,0
DA:30,0
DA:31,0
DA:35,0
DA:36,0
DA:37,0
DA:40,0
DA:41,0
DA:42,0
DA:45,0
DA:46,0
DA:47,0
DA:50,0
DA:51,0
DA:52,0
DA:55,0
LF:32
LH:0
BRF:0
BRH:0
end_of_record
TN:
SF:src\routes\debts.js
FN:12,(anonymous_0)
FN:22,(anonymous_1)
FN:30,(anonymous_2)
FN:38,(anonymous_3)
FN:43,(anonymous_4)
FN:61,(anonymous_5)
FN:67,(anonymous_6)
FN:72,(anonymous_7)
FN:77,(anonymous_8)
FN:83,(anonymous_9)
FN:89,(anonymous_10)
FN:95,(anonymous_11)
FN:101,(anonymous_12)
FN:107,(anonymous_13)
FN:113,(anonymous_14)
FNF:15
FNH:0
FNDA:0,(anonymous_0)
FNDA:0,(anonymous_1)
FNDA:0,(anonymous_2)
FNDA:0,(anonymous_3)
FNDA:0,(anonymous_4)
FNDA:0,(anonymous_5)
FNDA:0,(anonymous_6)
FNDA:0,(anonymous_7)
FNDA:0,(anonymous_8)
FNDA:0,(anonymous_9)
FNDA:0,(anonymous_10)
FNDA:0,(anonymous_11)
FNDA:0,(anonymous_12)
FNDA:0,(anonymous_13)
FNDA:0,(anonymous_14)
DA:1,0
DA:2,0
DA:3,0
DA:4,0
DA:6,0
DA:9,0
DA:12,0
DA:13,0
DA:17,0
DA:18,0
DA:22,0
DA:24,0
DA:25,0
DA:26,0
DA:30,0
DA:32,0
DA:33,0
DA:34,0
DA:38,0
DA:39,0
DA:40,0
DA:43,0
DA:44,0
DA:48,0
DA:49,0
DA:51,0
DA:52,0
DA:58,0
DA:61,0
DA:62,0
DA:63,0
DA:64,0
DA:67,0
DA:68,0
DA:69,0
DA:72,0
DA:73,0
DA:74,0
DA:77,0
DA:78,0
DA:79,0
DA:83,0
DA:84,0
DA:85,0
DA:89,0
DA:90,0
DA:91,0
DA:95,0
DA:96,0
DA:97,0
DA:101,0
DA:102,0
DA:103,0
DA:107,0
DA:108,0
DA:109,0
DA:113,0
DA:114,0
DA:115,0
DA:118,0
LF:60
LH:0
BRDA:14,0,0,0
BRDA:14,0,1,0
BRF:2
BRH:0
end_of_record
TN:
SF:src\routes\expenses.js
FN:12,(anonymous_0)
FN:97,(anonymous_1)
FN:160,(anonymous_2)
FN:205,(anonymous_3)
FNF:4
FNH:0
FNDA:0,(anonymous_0)
FNDA:0,(anonymous_1)
FNDA:0,(anonymous_2)
FNDA:0,(anonymous_3)
DA:1,0
DA:2,0
DA:3,0
DA:4,0
DA:5,0
DA:8,0
DA:9,0
DA:12,0
DA:13,0
DA:14,0
DA:17,0
DA:19,0
DA:20,0
DA:21,0
DA:22,0
DA:25,0
DA:26,0
DA:32,0
DA:33,0
DA:37,0
DA:40,0
DA:62,0
DA:74,0
DA:91,0
DA:92,0
DA:97,0
DA:98,0
DA:99,0
DA:102,0
DA:103,0
DA:106,0
DA:107,0
DA:111,0
DA:112,0
DA:116,0
DA:117,0
DA:121,0
DA:122,0
DA:125,0
DA:135,0
DA:138,0
DA:140,0
DA:146,0
DA:148,0
DA:149,0
DA:155,0
DA:160,0
DA:161,0
DA:162,0
DA:164,0
DA:166,0
DA:167,0
DA:171,0
DA:172,0
DA:179,0
DA:180,0
DA:184,0
DA:185,0
DA:186,0
DA:187,0
DA:188,0
DA:190,0
DA:191,0
DA:193,0
DA:199,0
DA:200,0
DA:205,0
DA:206,0
DA:207,0
DA:209,0
DA:210,0
DA:214,0
DA:215,0
DA:221,0
DA:223,0
DA:228,0
DA:229,0
DA:233,0
LF:78
LH:0
BRDA:14,0,0,0
BRDA:14,1,0,0
BRDA:19,2,0,0
BRDA:19,2,1,0
BRDA:19,3,0,0
BRDA:19,3,1,0
BRDA:21,4,0,0
BRDA:21,4,1,0
BRDA:22,5,0,0
BRDA:22,5,1,0
BRDA:32,6,0,0
BRDA:32,6,1,0
BRDA:84,7,0,0
BRDA:84,7,1,0
BRDA:85,8,0,0
BRDA:85,8,1,0
BRDA:86,9,0,0
BRDA:86,9,1,0
BRDA:102,10,0,0
BRDA:102,10,1,0
BRDA:106,11,0,0
BRDA:106,11,1,0
BRDA:106,12,0,0
BRDA:106,12,1,0
BRDA:111,13,0,0
BRDA:111,13,1,0
BRDA:111,14,0,0
BRDA:111,14,1,0
BRDA:116,15,0,0
BRDA:116,15,1,0
BRDA:116,16,0,0
BRDA:116,16,1,0
BRDA:121,17,0,0
BRDA:121,17,1,0
BRDA:128,18,0,0
BRDA:128,18,1,0
BRDA:129,19,0,0
BRDA:129,19,1,0
BRDA:130,20,0,0
BRDA:130,20,1,0
BRDA:148,21,0,0
BRDA:148,21,1,0
BRDA:166,22,0,0
BRDA:166,22,1,0
BRDA:171,23,0,0
BRDA:171,23,1,0
BRDA:179,24,0,0
BRDA:179,24,1,0
BRDA:179,25,0,0
BRDA:179,25,1,0
BRDA:184,26,0,0
BRDA:184,26,1,0
BRDA:185,27,0,0
BRDA:185,27,1,0
BRDA:186,28,0,0
BRDA:186,28,1,0
BRDA:187,29,0,0
BRDA:187,29,1,0
BRDA:188,30,0,0
BRDA:188,30,1,0
BRDA:209,31,0,0
BRDA:209,31,1,0
BRDA:214,32,0,0
BRDA:214,32,1,0
BRF:64
BRH:0
end_of_record
TN:
SF:src\routes\monitoring.js
FN:9,(anonymous_0)
FN:25,(anonymous_1)
FN:41,(anonymous_2)
FN:75,(anonymous_3)
FN:91,(anonymous_4)
FN:108,(anonymous_5)
FN:133,formatUptime
FNF:7
FNH:0
FNDA:0,(anonymous_0)
FNDA:0,(anonymous_1)
FNDA:0,(anonymous_2)
FNDA:0,(anonymous_3)
FNDA:0,(anonymous_4)
FNDA:0,(anonymous_5)
FNDA:0,formatUptime
DA:1,0
DA:2,0
DA:3,0
DA:4,0
DA:6,0
DA:9,0
DA:10,0
DA:11,0
DA:12,0
DA:17,0
DA:25,0
DA:26,0
DA:27,0
DA:28,0
DA:33,0
DA:41,0
DA:42,0
DA:43,0
DA:44,0
DA:46,0
DA:67,0
DA:75,0
DA:76,0
DA:77,0
DA:78,0
DA:83,0
DA:91,0
DA:92,0
DA:93,0
DA:94,0
DA:100,0
DA:108,0
DA:109,0
DA:110,0
DA:112,0
DA:113,0
DA:119,0
DA:120,0
DA:125,0
DA:134,0
DA:135,0
DA:136,0
DA:137,0
DA:139,0
DA:140,0
DA:141,0
DA:142,0
DA:143,0
DA:145,0
DA:148,0
LF:50
LH:0
BRDA:63,0,0,0
BRDA:63,0,1,0
BRDA:112,1,0,0
BRDA:112,1,1,0
BRDA:140,2,0,0
BRDA:140,2,1,0
BRDA:141,3,0,0
BRDA:141,3,1,0
BRDA:142,4,0,0
BRDA:142,4,1,0
BRDA:143,5,0,0
BRDA:143,5,1,0
BRDA:145,6,0,0
BRDA:145,6,1,0
BRF:14
BRH:0
end_of_record
TN:
SF:src\routes\orders.js
FN:7,(anonymous_0)
FN:20,(anonymous_1)
FN:30,(anonymous_2)
FN:40,(anonymous_3)
FN:51,(anonymous_4)
FNF:5
FNH:0
FNDA:0,(anonymous_0)
FNDA:0,(anonymous_1)
FNDA:0,(anonymous_2)
FNDA:0,(anonymous_3)
FNDA:0,(anonymous_4)
DA:1,0
DA:2,0
DA:3,0
DA:5,0
DA:7,0
DA:8,0
DA:9,0
DA:10,0
DA:11,0
DA:13,0
DA:14,0
DA:16,0
DA:20,0
DA:21,0
DA:22,0
DA:23,0
DA:24,0
DA:26,0
DA:30,0
DA:31,0
DA:32,0
DA:33,0
DA:34,0
DA:36,0
DA:40,0
DA:41,0
DA:42,0
DA:43,0
DA:44,0
DA:45,0
DA:47,0
DA:51,0
DA:52,0
DA:53,0
DA:54,0
DA:55,0
DA:57,0
DA:61,0
LF:38
LH:0
BRDA:11,0,0,0
BRDA:11,0,1,0
BRDA:11,1,0,0
BRDA:11,1,1,0
BRDA:23,2,0,0
BRDA:23,2,1,0
BRDA:44,3,0,0
BRDA:44,3,1,0
BRDA:54,4,0,0
BRDA:54,4,1,0
BRF:10
BRH:0
end_of_record
TN:
SF:src\routes\partners.js
FN:20,(anonymous_0)
FN:22,(anonymous_1)
FN:41,(anonymous_2)
FN:107,(anonymous_3)
FN:109,(anonymous_4)
FNF:5
FNH:0
FNDA:0,(anonymous_0)
FNDA:0,(anonymous_1)
FNDA:0,(anonymous_2)
FNDA:0,(anonymous_3)
FNDA:0,(anonymous_4)
DA:1,0
DA:2,0
DA:3,0
DA:6,0
DA:20,0
DA:21,0
DA:22,0
DA:27,0
DA:32,0
DA:33,0
DA:41,0
DA:42,0
DA:49,0
DA:51,0
DA:52,0
DA:58,0
DA:59,0
DA:60,0
DA:67,0
DA:71,0
DA:82,0
DA:83,0
DA:84,0
DA:85,0
DA:87,0
DA:90,0
DA:98,0
DA:99,0
DA:107,0
DA:108,0
DA:109,0
DA:118,0
DA:123,0
DA:124,0
DA:131,0
LF:35
LH:0
BRDA:51,0,0,0
BRDA:51,0,1,0
BRDA:51,1,0,0
BRDA:51,1,1,0
BRDA:51,1,2,0
BRDA:59,2,0,0
BRDA:59,2,1,0
BRDA:67,3,0,0
BRDA:67,3,1,0
BRDA:76,4,0,0
BRDA:76,4,1,0
BRF:11
BRH:0
end_of_record
TN:
SF:src\routes\productOrders.js
FN:10,(anonymous_0)
FN:11,(anonymous_1)
FN:30,(anonymous_2)
FN:31,(anonymous_3)
FN:41,(anonymous_4)
FN:60,(anonymous_5)
FN:61,(anonymous_6)
FN:105,(anonymous_7)
FN:106,(anonymous_8)
FN:129,(anonymous_9)
FN:130,(anonymous_10)
FNF:11
FNH:0
FNDA:0,(anonymous_0)
FNDA:0,(anonymous_1)
FNDA:0,(anonymous_2)
FNDA:0,(anonymous_3)
FNDA:0,(anonymous_4)
FNDA:0,(anonymous_5)
FNDA:0,(anonymous_6)
FNDA:0,(anonymous_7)
FNDA:0,(anonymous_8)
FNDA:0,(anonymous_9)
FNDA:0,(anonymous_10)
DA:1,0
DA:2,0
DA:3,0
DA:4,0
DA:5,0
DA:7,0
DA:10,0
DA:11,0
DA:12,0
DA:14,0
DA:15,0
DA:16,0
DA:19,0
DA:25,0
DA:30,0
DA:31,0
DA:32,0
DA:34,0
DA:35,0
DA:36,0
DA:37,0
DA:41,0
DA:43,0
DA:50,0
DA:51,0
DA:53,0
DA:55,0
DA:60,0
DA:61,0
DA:62,0
DA:64,0
DA:65,0
DA:66,0
DA:67,0
DA:70,0
DA:71,0
DA:72,0
DA:73,0
DA:77,0
DA:78,0
DA:79,0
DA:80,0
DA:81,0
DA:84,0
DA:85,0
DA:91,0
DA:92,0
DA:93,0
DA:94,0
DA:96,0
DA:98,0
DA:100,0
DA:105,0
DA:106,0
DA:107,0
DA:109,0
DA:110,0
DA:111,0
DA:112,0
DA:115,0
DA:116,0
DA:117,0
DA:118,0
DA:121,0
DA:122,0
DA:124,0
DA:129,0
DA:130,0
DA:131,0
DA:133,0
DA:134,0
DA:135,0
DA:136,0
DA:139,0
DA:143,0
LF:75
LH:0
BRDA:15,0,0,0
BRDA:15,0,1,0
BRDA:15,1,0,0
BRDA:15,1,1,0
BRDA:34,2,0,0
BRDA:34,2,1,0
BRDA:34,3,0,0
BRDA:34,3,1,0
BRDA:64,4,0,0
BRDA:64,4,1,0
BRDA:70,5,0,0
BRDA:70,5,1,0
BRDA:79,6,0,0
BRDA:79,6,1,0
BRDA:84,7,0,0
BRDA:84,7,1,0
BRDA:109,8,0,0
BRDA:109,8,1,0
BRDA:115,9,0,0
BRDA:115,9,1,0
BRDA:133,10,0,0
BRDA:133,10,1,0
BRF:22
BRH:0
end_of_record
TN:
SF:src\routes\products.js
FN:13,(anonymous_0)
FN:23,(anonymous_1)
FN:120,(anonymous_2)
FN:136,(anonymous_3)
FN:143,(anonymous_4)
FN:151,(anonymous_5)
FN:167,(anonymous_6)
FN:210,(anonymous_7)
FN:223,(anonymous_8)
FN:263,(anonymous_9)
FN:323,(anonymous_10)
FN:364,(anonymous_11)
FN:420,(anonymous_12)
FN:427,(anonymous_13)
FN:428,(anonymous_14)
FN:429,(anonymous_15)
FN:464,(anonymous_16)
FN:479,(anonymous_17)
FN:520,(anonymous_18)
FN:531,(anonymous_19)
FN:611,(anonymous_20)
FN:634,(anonymous_21)
FN:679,(anonymous_22)
FN:755,(anonymous_23)
FN:789,(anonymous_24)
FN:790,(anonymous_25)
FN:828,(anonymous_26)
FN:838,(anonymous_27)
FN:862,(anonymous_28)
FN:868,(anonymous_29)
FN:909,(anonymous_30)
FN:921,(anonymous_31)
FN:965,(anonymous_32)
FN:969,(anonymous_33)
FN:984,(anonymous_34)
FN:993,(anonymous_35)
FN:1001,(anonymous_36)
FN:1055,(anonymous_37)
FN:1065,(anonymous_38)
FN:1110,(anonymous_39)
FN:1139,(anonymous_40)
FN:1193,(anonymous_41)
FN:1222,(anonymous_42)
FN:1248,(anonymous_43)
FN:1285,(anonymous_44)
FN:1312,(anonymous_45)
FN:1347,(anonymous_46)
FN:1352,(anonymous_47)
FN:1386,(anonymous_48)
FN:1412,(anonymous_49)
FNF:50
FNH:0
FNDA:0,(anonymous_0)
FNDA:0,(anonymous_1)
FNDA:0,(anonymous_2)
FNDA:0,(anonymous_3)
FNDA:0,(anonymous_4)
FNDA:0,(anonymous_5)
FNDA:0,(anonymous_6)
FNDA:0,(anonymous_7)
FNDA:0,(anonymous_8)
FNDA:0,(anonymous_9)
FNDA:0,(anonymous_10)
FNDA:0,(anonymous_11)
FNDA:0,(anonymous_12)
FNDA:0,(anonymous_13)
FNDA:0,(anonymous_14)
FNDA:0,(anonymous_15)
FNDA:0,(anonymous_16)
FNDA:0,(anonymous_17)
FNDA:0,(anonymous_18)
FNDA:0,(anonymous_19)
FNDA:0,(anonymous_20)
FNDA:0,(anonymous_21)
FNDA:0,(anonymous_22)
FNDA:0,(anonymous_23)
FNDA:0,(anonymous_24)
FNDA:0,(anonymous_25)
FNDA:0,(anonymous_26)
FNDA:0,(anonymous_27)
FNDA:0,(anonymous_28)
FNDA:0,(anonymous_29)
FNDA:0,(anonymous_30)
FNDA:0,(anonymous_31)
FNDA:0,(anonymous_32)
FNDA:0,(anonymous_33)
FNDA:0,(anonymous_34)
FNDA:0,(anonymous_35)
FNDA:0,(anonymous_36)
FNDA:0,(anonymous_37)
FNDA:0,(anonymous_38)
FNDA:0,(anonymous_39)
FNDA:0,(anonymous_40)
FNDA:0,(anonymous_41)
FNDA:0,(anonymous_42)
FNDA:0,(anonymous_43)
FNDA:0,(anonymous_44)
FNDA:0,(anonymous_45)
FNDA:0,(anonymous_46)
FNDA:0,(anonymous_47)
FNDA:0,(anonymous_48)
FNDA:0,(anonymous_49)
DA:1,0
DA:2,0
DA:3,0
DA:4,0
DA:5,0
DA:6,0
DA:7,0
DA:8,0
DA:10,0
DA:13,0
DA:14,0
DA:15,0
DA:19,0
DA:20,0
DA:21,0
DA:23,0
DA:24,0
DA:25,0
DA:26,0
DA:29,0
DA:30,0
DA:31,0
DA:32,0
DA:36,0
DA:39,0
DA:40,0
DA:41,0
DA:43,0
DA:44,0
DA:50,0
DA:58,0
DA:59,0
DA:63,0
DA:95,0
DA:103,0
DA:104,0
DA:106,0
DA:108,0
DA:109,0
DA:111,0
DA:112,0
DA:117,0
DA:118,0
DA:120,0
DA:121,0
DA:122,0
DA:123,0
DA:124,0
DA:126,0
DA:127,0
DA:129,0
DA:131,0
DA:135,0
DA:137,0
DA:138,0
DA:139,0
DA:141,0
DA:144,0
DA:145,0
DA:149,0
DA:152,0
DA:153,0
DA:154,0
DA:156,0
DA:158,0
DA:159,0
DA:161,0
DA:162,0
DA:167,0
DA:168,0
DA:169,0
DA:170,0
DA:173,0
DA:174,0
DA:176,0
DA:178,0
DA:179,0
DA:185,0
DA:194,0
DA:195,0
DA:196,0
DA:199,0
DA:202,0
DA:210,0
DA:211,0
DA:212,0
DA:215,0
DA:216,0
DA:219,0
DA:223,0
DA:225,0
DA:230,0
DA:235,0
DA:238,0
DA:241,0
DA:242,0
DA:243,0
DA:246,0
DA:257,0
DA:258,0
DA:263,0
DA:264,0
DA:265,0
DA:268,0
DA:269,0
DA:273,0
DA:274,0
DA:275,0
DA:279,0
DA:280,0
DA:282,0
DA:286,0
DA:289,0
DA:299,0
DA:300,0
DA:303,0
DA:304,0
DA:305,0
DA:306,0
DA:307,0
DA:309,0
DA:313,0
DA:315,0
DA:316,0
DA:318,0
DA:319,0
DA:323,0
DA:324,0
DA:325,0
DA:326,0
DA:328,0
DA:329,0
DA:330,0
DA:331,0
DA:337,0
DA:344,0
DA:345,0
DA:346,0
DA:349,0
DA:350,0
DA:351,0
DA:352,0
DA:353,0
DA:355,0
DA:359,0
DA:360,0
DA:364,0
DA:365,0
DA:366,0
DA:367,0
DA:368,0
DA:370,0
DA:373,0
DA:374,0
DA:376,0
DA:380,0
DA:381,0
DA:382,0
DA:385,0
DA:396,0
DA:398,0
DA:400,0
DA:401,0
DA:403,0
DA:414,0
DA:415,0
DA:420,0
DA:421,0
DA:423,0
DA:426,0
DA:427,0
DA:428,0
DA:429,0
DA:431,0
DA:434,0
DA:435,0
DA:436,0
DA:440,0
DA:442,0
DA:443,0
DA:444,0
DA:445,0
DA:446,0
DA:451,0
DA:452,0
DA:453,0
DA:456,0
DA:458,0
DA:459,0
DA:464,0
DA:465,0
DA:466,0
DA:467,0
DA:468,0
DA:469,0
DA:471,0
DA:472,0
DA:474,0
DA:479,0
DA:480,0
DA:481,0
DA:483,0
DA:486,0
DA:489,0
DA:490,0
DA:493,0
DA:496,0
DA:497,0
DA:498,0
DA:505,0
DA:508,0
DA:510,0
DA:511,0
DA:520,0
DA:521,0
DA:522,0
DA:523,0
DA:524,0
DA:526,0
DA:527,0
DA:528,0
DA:531,0
DA:534,0
DA:535,0
DA:538,0
DA:540,0
DA:541,0
DA:542,0
DA:543,0
DA:544,0
DA:547,0
DA:548,0
DA:550,0
DA:551,0
DA:552,0
DA:553,0
DA:554,0
DA:555,0
DA:559,0
DA:569,0
DA:571,0
DA:572,0
DA:574,0
DA:580,0
DA:582,0
DA:591,0
DA:592,0
DA:593,0
DA:601,0
DA:603,0
DA:605,0
DA:606,0
DA:611,0
DA:612,0
DA:613,0
DA:614,0
DA:615,0
DA:617,0
DA:618,0
DA:619,0
DA:622,0
DA:623,0
DA:626,0
DA:628,0
DA:629,0
DA:630,0
DA:634,0
DA:636,0
DA:637,0
DA:640,0
DA:641,0
DA:644,0
DA:645,0
DA:648,0
DA:649,0
DA:653,0
DA:654,0
DA:655,0
DA:659,0
DA:660,0
DA:661,0
DA:662,0
DA:664,0
DA:667,0
DA:669,0
DA:670,0
DA:675,0
DA:676,0
DA:677,0
DA:679,0
DA:680,0
DA:681,0
DA:684,0
DA:685,0
DA:686,0
DA:687,0
DA:690,0
DA:693,0
DA:729,0
DA:741,0
DA:744,0
DA:745,0
DA:747,0
DA:749,0
DA:750,0
DA:755,0
DA:756,0
DA:757,0
DA:758,0
DA:759,0
DA:761,0
DA:762,0
DA:765,0
DA:766,0
DA:767,0
DA:768,0
DA:769,0
DA:770,0
DA:771,0
DA:775,0
DA:782,0
DA:783,0
DA:784,0
DA:785,0
DA:786,0
DA:787,0
DA:789,0
DA:790,0
DA:791,0
DA:792,0
DA:793,0
DA:796,0
DA:797,0
DA:798,0
DA:799,0
DA:802,0
DA:803,0
DA:804,0
DA:805,0
DA:808,0
DA:809,0
DA:810,0
DA:811,0
DA:814,0
DA:826,0
DA:827,0
DA:828,0
DA:829,0
DA:830,0
DA:831,0
DA:836,0
DA:837,0
DA:838,0
DA:839,0
DA:840,0
DA:841,0
DA:846,0
DA:847,0
DA:848,0
DA:849,0
DA:850,0
DA:851,0
DA:852,0
DA:853,0
DA:861,0
DA:862,0
DA:868,0
DA:871,0
DA:872,0
DA:873,0
DA:881,0
DA:903,0
DA:904,0
DA:909,0
DA:910,0
DA:911,0
DA:912,0
DA:915,0
DA:918,0
DA:919,0
DA:921,0
DA:922,0
DA:923,0
DA:924,0
DA:925,0
DA:926,0
DA:927,0
DA:935,0
DA:936,0
DA:937,0
DA:939,0
DA:940,0
DA:944,0
DA:960,0
DA:965,0
DA:966,0
DA:968,0
DA:969,0
DA:970,0
DA:974,0
DA:978,0
DA:981,0
DA:984,0
DA:985,0
DA:988,0
DA:990,0
DA:993,0
DA:996,0
DA:1001,0
DA:1002,0
DA:1003,0
DA:1005,0
DA:1007,0
DA:1008,0
DA:1009,0
DA:1012,0
DA:1013,0
DA:1014,0
DA:1015,0
DA:1018,0
DA:1021,0
DA:1022,0
DA:1023,0
DA:1031,0
DA:1032,0
DA:1033,0
DA:1035,0
DA:1037,0
DA:1049,0
DA:1050,0
DA:1055,0
DA:1056,0
DA:1057,0
DA:1058,0
DA:1059,0
DA:1061,0
DA:1065,0
DA:1066,0
DA:1067,0
DA:1070,0
DA:1071,0
DA:1072,0
DA:1073,0
DA:1074,0
DA:1075,0
DA:1076,0
DA:1077,0
DA:1080,0
DA:1084,0
DA:1085,0
DA:1086,0
DA:1090,0
DA:1091,0
DA:1093,0
DA:1094,0
DA:1095,0
DA:1096,0
DA:1100,0
DA:1101,0
DA:1102,0
DA:1103,0
DA:1108,0
DA:1109,0
DA:1110,0
DA:1112,0
DA:1113,0
DA:1120,0
DA:1125,0
DA:1136,0
DA:1137,0
DA:1139,0
DA:1140,0
DA:1141,0
DA:1151,0
DA:1152,0
DA:1157,0
DA:1158,0
DA:1162,0
DA:1163,0
DA:1166,0
DA:1177,0
DA:1178,0
DA:1180,0
DA:1190,0
DA:1193,0
DA:1194,0
DA:1195,0
DA:1196,0
DA:1197,0
DA:1198,0
DA:1200,0
DA:1204,0
DA:1207,0
DA:1208,0
DA:1210,0
DA:1211,0
DA:1214,0
DA:1216,0
DA:1217,0
DA:1222,0
DA:1223,0
DA:1224,0
DA:1226,0
DA:1227,0
DA:1230,0
DA:1236,0
DA:1237,0
DA:1240,0
DA:1242,0
DA:1243,0
DA:1248,0
DA:1249,0
DA:1250,0
DA:1252,0
DA:1254,0
DA:1255,0
DA:1258,0
DA:1264,0
DA:1265,0
DA:1266,0
DA:1269,0
DA:1272,0
DA:1273,0
DA:1275,0
DA:1278,0
DA:1280,0
DA:1281,0
DA:1285,0
DA:1286,0
DA:1287,0
DA:1288,0
DA:1289,0
DA:1290,0
DA:1293,0
DA:1294,0
DA:1295,0
DA:1296,0
DA:1301,0
DA:1302,0
DA:1303,0
DA:1304,0
DA:1305,0
DA:1310,0
DA:1311,0
DA:1312,0
DA:1314,0
DA:1315,0
DA:1322,0
DA:1327,0
DA:1328,0
DA:1338,0
DA:1339,0
DA:1343,0
DA:1344,0
DA:1345,0
DA:1347,0
DA:1348,0
DA:1352,0
DA:1353,0
DA:1354,0
DA:1364,0
DA:1369,0
DA:1370,0
DA:1371,0
DA:1372,0
DA:1376,0
DA:1382,0
DA:1385,0
DA:1386,0
DA:1387,0
DA:1388,0
DA:1389,0
DA:1390,0
DA:1391,0
DA:1393,0
DA:1399,0
DA:1400,0
DA:1402,0
DA:1403,0
DA:1406,0
DA:1408,0
DA:1412,0
DA:1413,0
DA:1414,0
DA:1415,0
DA:1418,0
DA:1419,0
DA:1421,0
DA:1422,0
DA:1425,0
DA:1427,0
DA:1431,0
LF:592
LH:0
BRDA:26,0,0,0
BRDA:26,0,1,0
BRDA:26,1,0,0
BRDA:26,1,1,0
BRDA:29,2,0,0
BRDA:29,2,1,0
BRDA:29,3,0,0
BRDA:29,3,1,0
BRDA:29,3,2,0
BRDA:30,4,0,0
BRDA:30,4,1,0
BRDA:39,5,0,0
BRDA:39,5,1,0
BRDA:39,6,0,0
BRDA:39,6,1,0
BRDA:39,6,2,0
BRDA:43,7,0,0
BRDA:43,7,1,0
BRDA:58,8,0,0
BRDA:58,8,1,0
BRDA:96,9,0,0
BRDA:96,9,1,0
BRDA:97,10,0,0
BRDA:97,10,1,0
BRDA:98,11,0,0
BRDA:98,11,1,0
BRDA:99,12,0,0
BRDA:99,12,1,0
BRDA:121,13,0,0
BRDA:121,13,1,0
BRDA:138,14,0,0
BRDA:138,14,1,0
BRDA:158,15,0,0
BRDA:158,15,1,0
BRDA:158,16,0,0
BRDA:158,16,1,0
BRDA:169,17,0,0
BRDA:169,18,0,0
BRDA:173,19,0,0
BRDA:173,19,1,0
BRDA:173,20,0,0
BRDA:173,20,1,0
BRDA:173,20,2,0
BRDA:173,20,3,0
BRDA:178,21,0,0
BRDA:178,21,1,0
BRDA:211,22,0,0
BRDA:211,22,1,0
BRDA:212,23,0,0
BRDA:212,23,1,0
BRDA:215,24,0,0
BRDA:215,24,1,0
BRDA:215,25,0,0
BRDA:215,25,1,0
BRDA:225,26,0,0
BRDA:225,26,1,0
BRDA:225,26,2,0
BRDA:230,27,0,0
BRDA:230,27,1,0
BRDA:230,27,2,0
BRDA:235,28,0,0
BRDA:235,28,1,0
BRDA:238,29,0,0
BRDA:238,29,1,0
BRDA:238,29,2,0
BRDA:242,30,0,0
BRDA:242,30,1,0
BRDA:242,31,0,0
BRDA:242,31,1,0
BRDA:268,32,0,0
BRDA:268,32,1,0
BRDA:268,33,0,0
BRDA:268,33,1,0
BRDA:268,33,2,0
BRDA:274,34,0,0
BRDA:274,34,1,0
BRDA:280,35,0,0
BRDA:280,35,1,0
BRDA:292,36,0,0
BRDA:292,36,1,0
BRDA:294,37,0,0
BRDA:294,37,1,0
BRDA:304,38,0,0
BRDA:304,38,1,0
BRDA:325,39,0,0
BRDA:325,40,0,0
BRDA:328,41,0,0
BRDA:328,41,1,0
BRDA:330,42,0,0
BRDA:330,42,1,0
BRDA:344,43,0,0
BRDA:344,43,1,0
BRDA:345,44,0,0
BRDA:345,44,1,0
BRDA:346,45,0,0
BRDA:346,45,1,0
BRDA:349,46,0,0
BRDA:349,46,1,0
BRDA:351,47,0,0
BRDA:351,47,1,0
BRDA:353,48,0,0
BRDA:353,48,1,0
BRDA:359,49,0,0
BRDA:359,49,1,0
BRDA:365,50,0,0
BRDA:365,50,1,0
BRDA:366,51,0,0
BRDA:366,51,1,0
BRDA:367,52,0,0
BRDA:367,52,1,0
BRDA:367,53,0,0
BRDA:367,53,1,0
BRDA:428,54,0,0
BRDA:428,54,1,0
BRDA:434,55,0,0
BRDA:434,55,1,0
BRDA:443,56,0,0
BRDA:443,56,1,0
BRDA:451,57,0,0
BRDA:451,57,1,0
BRDA:468,58,0,0
BRDA:468,58,1,0
BRDA:489,59,0,0
BRDA:489,59,1,0
BRDA:496,60,0,0
BRDA:496,60,1,0
BRDA:523,61,0,0
BRDA:523,61,1,0
BRDA:526,62,0,0
BRDA:526,62,1,0
BRDA:526,63,0,0
BRDA:526,63,1,0
BRDA:538,64,0,0
BRDA:538,64,1,0
BRDA:540,65,0,0
BRDA:540,65,1,0
BRDA:550,66,0,0
BRDA:550,66,1,0
BRDA:553,67,0,0
BRDA:553,67,1,0
BRDA:617,68,0,0
BRDA:617,68,1,0
BRDA:623,69,0,0
BRDA:623,69,1,0
BRDA:626,70,0,0
BRDA:626,70,1,0
BRDA:629,71,0,0
BRDA:629,71,1,0
BRDA:636,72,0,0
BRDA:636,72,1,0
BRDA:640,73,0,0
BRDA:640,73,1,0
BRDA:645,74,0,0
BRDA:645,74,1,0
BRDA:648,75,0,0
BRDA:648,75,1,0
BRDA:648,76,0,0
BRDA:648,76,1,0
BRDA:660,77,0,0
BRDA:660,77,1,0
BRDA:685,78,0,0
BRDA:685,78,1,0
BRDA:685,79,0,0
BRDA:685,79,1,0
BRDA:685,79,2,0
BRDA:729,80,0,0
BRDA:729,80,1,0
BRDA:730,81,0,0
BRDA:730,81,1,0
BRDA:731,82,0,0
BRDA:731,82,1,0
BRDA:732,83,0,0
BRDA:732,83,1,0
BRDA:733,84,0,0
BRDA:733,84,1,0
BRDA:762,85,0,0
BRDA:762,85,1,0
BRDA:767,86,0,0
BRDA:767,86,1,0
BRDA:767,87,0,0
BRDA:767,87,1,0
BRDA:791,88,0,0
BRDA:791,88,1,0
BRDA:797,89,0,0
BRDA:797,89,1,0
BRDA:803,90,0,0
BRDA:803,90,1,0
BRDA:809,91,0,0
BRDA:809,91,1,0
BRDA:829,92,0,0
BRDA:829,92,1,0
BRDA:839,93,0,0
BRDA:839,93,1,0
BRDA:846,94,0,0
BRDA:846,94,1,0
BRDA:846,95,0,0
BRDA:846,95,1,0
BRDA:855,96,0,0
BRDA:855,96,1,0
BRDA:856,97,0,0
BRDA:856,97,1,0
BRDA:876,98,0,0
BRDA:876,98,1,0
BRDA:877,99,0,0
BRDA:877,99,1,0
BRDA:893,100,0,0
BRDA:893,100,1,0
BRDA:894,101,0,0
BRDA:894,101,1,0
BRDA:895,102,0,0
BRDA:895,102,1,0
BRDA:912,103,0,0
BRDA:912,103,1,0
BRDA:915,104,0,0
BRDA:915,104,1,0
BRDA:915,104,2,0
BRDA:919,105,0,0
BRDA:919,105,1,0
BRDA:922,106,0,0
BRDA:922,106,1,0
BRDA:923,107,0,0
BRDA:923,107,1,0
BRDA:924,108,0,0
BRDA:924,108,1,0
BRDA:925,109,0,0
BRDA:925,109,1,0
BRDA:939,110,0,0
BRDA:939,110,1,0
BRDA:939,111,0,0
BRDA:939,111,1,0
BRDA:939,111,2,0
BRDA:948,112,0,0
BRDA:948,112,1,0
BRDA:957,113,0,0
BRDA:957,113,1,0
BRDA:970,114,0,0
BRDA:970,114,1,0
BRDA:970,114,2,0
BRDA:974,115,0,0
BRDA:974,115,1,0
BRDA:974,115,2,0
BRDA:978,116,0,0
BRDA:978,116,1,0
BRDA:1007,117,0,0
BRDA:1007,117,1,0
BRDA:1007,118,0,0
BRDA:1007,118,1,0
BRDA:1013,119,0,0
BRDA:1013,119,1,0
BRDA:1021,120,0,0
BRDA:1021,120,1,0
BRDA:1058,121,0,0
BRDA:1058,121,1,0
BRDA:1071,122,0,0
BRDA:1071,122,1,0
BRDA:1074,123,0,0
BRDA:1074,123,1,0
BRDA:1074,124,0,0
BRDA:1074,124,1,0
BRDA:1076,125,0,0
BRDA:1076,125,1,0
BRDA:1085,126,0,0
BRDA:1085,126,1,0
BRDA:1093,127,0,0
BRDA:1093,127,1,0
BRDA:1095,128,0,0
BRDA:1095,128,1,0
BRDA:1095,129,0,0
BRDA:1095,129,1,0
BRDA:1101,130,0,0
BRDA:1101,130,1,0
BRDA:1109,131,0,0
BRDA:1109,131,1,0
BRDA:1109,132,0,0
BRDA:1109,132,1,0
BRDA:1112,133,0,0
BRDA:1112,133,1,0
BRDA:1130,134,0,0
BRDA:1130,134,1,0
BRDA:1131,135,0,0
BRDA:1131,135,1,0
BRDA:1136,136,0,0
BRDA:1136,136,1,0
BRDA:1136,137,0,0
BRDA:1136,137,1,0
BRDA:1136,137,2,0
BRDA:1137,138,0,0
BRDA:1137,138,1,0
BRDA:1140,139,0,0
BRDA:1140,139,1,0
BRDA:1140,140,0,0
BRDA:1140,140,1,0
BRDA:1151,141,0,0
BRDA:1151,141,1,0
BRDA:1157,142,0,0
BRDA:1157,142,1,0
BRDA:1157,143,0,0
BRDA:1157,143,1,0
BRDA:1162,144,0,0
BRDA:1162,144,1,0
BRDA:1174,145,0,0
BRDA:1174,145,1,0
BRDA:1186,146,0,0
BRDA:1186,146,1,0
BRDA:1195,147,0,0
BRDA:1195,147,1,0
BRDA:1204,148,0,0
BRDA:1204,148,1,0
BRDA:1207,149,0,0
BRDA:1207,149,1,0
BRDA:1226,150,0,0
BRDA:1226,150,1,0
BRDA:1226,151,0,0
BRDA:1226,151,1,0
BRDA:1236,152,0,0
BRDA:1236,152,1,0
BRDA:1254,153,0,0
BRDA:1254,153,1,0
BRDA:1264,154,0,0
BRDA:1264,154,1,0
BRDA:1272,155,0,0
BRDA:1272,155,1,0
BRDA:1293,156,0,0
BRDA:1293,156,1,0
BRDA:1295,157,0,0
BRDA:1295,157,1,0
BRDA:1302,158,0,0
BRDA:1302,158,1,0
BRDA:1304,159,0,0
BRDA:1304,159,1,0
BRDA:1304,160,0,0
BRDA:1304,160,1,0
BRDA:1311,161,0,0
BRDA:1311,161,1,0
BRDA:1311,162,0,0
BRDA:1311,162,1,0
BRDA:1314,163,0,0
BRDA:1314,163,1,0
BRDA:1333,164,0,0
BRDA:1333,164,1,0
BRDA:1334,165,0,0
BRDA:1334,165,1,0
BRDA:1338,166,0,0
BRDA:1338,166,1,0
BRDA:1343,167,0,0
BRDA:1343,167,1,0
BRDA:1343,168,0,0
BRDA:1343,168,1,0
BRDA:1345,169,0,0
BRDA:1345,169,1,0
BRDA:1347,170,0,0
BRDA:1347,170,1,0
BRDA:1353,171,0,0
BRDA:1353,171,1,0
BRDA:1353,172,0,0
BRDA:1353,172,1,0
BRDA:1369,173,0,0
BRDA:1369,173,1,0
BRDA:1371,174,0,0
BRDA:1371,174,1,0
BRDA:1372,175,0,0
BRDA:1372,175,1,0
BRDA:1382,176,0,0
BRDA:1382,176,1,0
BRDA:1385,177,0,0
BRDA:1385,177,1,0
BRDA:1385,178,0,0
BRDA:1385,178,1,0
BRDA:1388,179,0,0
BRDA:1388,179,1,0
BRDA:1399,180,0,0
BRDA:1399,180,1,0
BRDA:1415,181,0,0
BRDA:1415,181,1,0
BRDA:1418,182,0,0
BRDA:1418,182,1,0
BRF:376
BRH:0
end_of_record
TN:
SF:src\routes\receipts.js
FN:19,(anonymous_0)
FN:33,(anonymous_1)
FN:64,(anonymous_2)
FN:175,(anonymous_3)
FN:209,(anonymous_4)
FN:351,(anonymous_5)
FN:365,(anonymous_6)
FN:404,(anonymous_7)
FN:407,(anonymous_8)
FN:445,(anonymous_9)
FN:484,(anonymous_10)
FN:487,(anonymous_11)
FN:515,(anonymous_12)
FN:557,(anonymous_13)
FN:560,(anonymous_14)
FN:570,(anonymous_15)
FN:613,(anonymous_16)
FN:614,(anonymous_17)
FN:629,(anonymous_18)
FN:644,(anonymous_19)
FN:704,(anonymous_20)
FN:725,(anonymous_21)
FN:797,(anonymous_22)
FN:970,(anonymous_23)
FN:1003,(anonymous_24)
FN:1036,(anonymous_25)
FN:1054,(anonymous_26)
FNF:27
FNH:0
FNDA:0,(anonymous_0)
FNDA:0,(anonymous_1)
FNDA:0,(anonymous_2)
FNDA:0,(anonymous_3)
FNDA:0,(anonymous_4)
FNDA:0,(anonymous_5)
FNDA:0,(anonymous_6)
FNDA:0,(anonymous_7)
FNDA:0,(anonymous_8)
FNDA:0,(anonymous_9)
FNDA:0,(anonymous_10)
FNDA:0,(anonymous_11)
FNDA:0,(anonymous_12)
FNDA:0,(anonymous_13)
FNDA:0,(anonymous_14)
FNDA:0,(anonymous_15)
FNDA:0,(anonymous_16)
FNDA:0,(anonymous_17)
FNDA:0,(anonymous_18)
FNDA:0,(anonymous_19)
FNDA:0,(anonymous_20)
FNDA:0,(anonymous_21)
FNDA:0,(anonymous_22)
FNDA:0,(anonymous_23)
FNDA:0,(anonymous_24)
FNDA:0,(anonymous_25)
FNDA:0,(anonymous_26)
DA:1,0
DA:2,0
DA:3,0
DA:4,0
DA:5,0
DA:8,0
DA:9,0
DA:10,0
DA:11,0
DA:13,0
DA:16,0
DA:19,0
DA:20,0
DA:21,0
DA:22,0
DA:24,0
DA:25,0
DA:33,0
DA:34,0
DA:35,0
DA:38,0
DA:39,0
DA:46,0
DA:47,0
DA:48,0
DA:49,0
DA:54,0
DA:55,0
DA:63,0
DA:64,0
DA:81,0
DA:82,0
DA:85,0
DA:86,0
DA:93,0
DA:94,0
DA:95,0
DA:97,0
DA:99,0
DA:102,0
DA:108,0
DA:109,0
DA:111,0
DA:116,0
DA:120,0
DA:121,0
DA:122,0
DA:142,0
DA:145,0
DA:149,0
DA:153,0
DA:165,0
DA:166,0
DA:175,0
DA:176,0
DA:178,0
DA:179,0
DA:181,0
DA:184,0
DA:185,0
DA:188,0
DA:189,0
DA:193,0
DA:194,0
DA:195,0
DA:196,0
DA:197,0
DA:199,0
DA:200,0
DA:202,0
DA:208,0
DA:209,0
DA:229,0
DA:230,0
DA:233,0
DA:234,0
DA:242,0
DA:243,0
DA:244,0
DA:246,0
DA:249,0
DA:256,0
DA:257,0
DA:262,0
DA:266,0
DA:267,0
DA:269,0
DA:276,0
DA:283,0
DA:285,0
DA:286,0
DA:288,0
DA:289,0
DA:291,0
DA:298,0
DA:300,0
DA:301,0
DA:304,0
DA:305,0
DA:308,0
DA:314,0
DA:317,0
DA:318,0
DA:319,0
DA:320,0
DA:321,0
DA:323,0
DA:332,0
DA:335,0
DA:339,0
DA:341,0
DA:342,0
DA:343,0
DA:345,0
DA:351,0
DA:352,0
DA:353,0
DA:354,0
DA:356,0
DA:357,0
DA:365,0
DA:366,0
DA:367,0
DA:368,0
DA:371,0
DA:372,0
DA:373,0
DA:374,0
DA:375,0
DA:376,0
DA:377,0
DA:378,0
DA:383,0
DA:404,0
DA:407,0
DA:427,0
DA:439,0
DA:440,0
DA:445,0
DA:446,0
DA:447,0
DA:450,0
DA:451,0
DA:455,0
DA:456,0
DA:457,0
DA:458,0
DA:459,0
DA:460,0
DA:461,0
DA:462,0
DA:467,0
DA:478,0
DA:484,0
DA:487,0
DA:507,0
DA:509,0
DA:510,0
DA:515,0
DA:516,0
DA:517,0
DA:520,0
DA:522,0
DA:523,0
DA:526,0
DA:527,0
DA:528,0
DA:529,0
DA:530,0
DA:531,0
DA:532,0
DA:537,0
DA:538,0
DA:544,0
DA:554,0
DA:557,0
DA:560,0
DA:570,0
DA:602,0
DA:613,0
DA:614,0
DA:618,0
DA:619,0
DA:629,0
DA:630,0
DA:631,0
DA:632,0
DA:634,0
DA:635,0
DA:644,0
DA:645,0
DA:646,0
DA:649,0
DA:650,0
DA:654,0
DA:656,0
DA:657,0
DA:661,0
DA:662,0
DA:666,0
DA:667,0
DA:674,0
DA:675,0
DA:676,0
DA:677,0
DA:679,0
DA:686,0
DA:691,0
DA:693,0
DA:699,0
DA:700,0
DA:704,0
DA:705,0
DA:706,0
DA:707,0
DA:708,0
DA:710,0
DA:714,0
DA:716,0
DA:725,0
DA:726,0
DA:727,0
DA:729,0
DA:730,0
DA:733,0
DA:734,0
DA:736,0
DA:737,0
DA:739,0
DA:740,0
DA:742,0
DA:743,0
DA:747,0
DA:759,0
DA:760,0
DA:763,0
DA:764,0
DA:767,0
DA:770,0
DA:771,0
DA:772,0
DA:775,0
DA:776,0
DA:779,0
DA:784,0
DA:793,0
DA:797,0
DA:798,0
DA:799,0
DA:800,0
DA:801,0
DA:803,0
DA:804,0
DA:807,0
DA:808,0
DA:810,0
DA:811,0
DA:812,0
DA:813,0
DA:814,0
DA:817,0
DA:818,0
DA:819,0
DA:820,0
DA:821,0
DA:822,0
DA:824,0
DA:825,0
DA:826,0
DA:833,0
DA:836,0
DA:850,0
DA:851,0
DA:852,0
DA:855,0
DA:856,0
DA:857,0
DA:858,0
DA:861,0
DA:863,0
DA:864,0
DA:866,0
DA:867,0
DA:871,0
DA:872,0
DA:875,0
DA:876,0
DA:878,0
DA:879,0
DA:880,0
DA:881,0
DA:882,0
DA:885,0
DA:886,0
DA:887,0
DA:888,0
DA:890,0
DA:893,0
DA:898,0
DA:900,0
DA:902,0
DA:903,0
DA:904,0
DA:905,0
DA:906,0
DA:908,0
DA:911,0
DA:912,0
DA:914,0
DA:916,0
DA:928,0
DA:929,0
DA:932,0
DA:933,0
DA:935,0
DA:936,0
DA:937,0
DA:938,0
DA:939,0
DA:943,0
DA:944,0
DA:946,0
DA:950,0
DA:951,0
DA:952,0
DA:955,0
DA:956,0
DA:957,0
DA:963,0
DA:964,0
DA:965,0
DA:966,0
DA:968,0
DA:970,0
DA:984,0
DA:987,0
DA:992,0
DA:993,0
DA:995,0
DA:996,0
DA:997,0
DA:998,0
DA:999,0
DA:1003,0
DA:1004,0
DA:1005,0
DA:1006,0
DA:1007,0
DA:1010,0
DA:1011,0
DA:1012,0
DA:1013,0
DA:1015,0
DA:1016,0
DA:1022,0
DA:1023,0
DA:1025,0
DA:1026,0
DA:1029,0
DA:1030,0
DA:1032,0
DA:1036,0
DA:1037,0
DA:1038,0
DA:1039,0
DA:1040,0
DA:1042,0
DA:1043,0
DA:1044,0
DA:1046,0
DA:1048,0
DA:1054,0
DA:1055,0
DA:1056,0
DA:1057,0
DA:1059,0
DA:1060,0
DA:1067,0
LF:378
LH:0
BRDA:24,0,0,0
BRDA:24,0,1,0
BRDA:27,1,0,0
BRDA:27,1,1,0
BRDA:38,2,0,0
BRDA:38,2,1,0
BRDA:48,3,0,0
BRDA:48,3,1,0
BRDA:54,4,0,0
BRDA:54,4,1,0
BRDA:73,5,0,0
BRDA:73,5,1,0
BRDA:74,6,0,0
BRDA:74,6,1,0
BRDA:93,7,0,0
BRDA:93,7,1,0
BRDA:97,8,0,0
BRDA:97,8,1,0
BRDA:108,9,0,0
BRDA:108,9,1,0
BRDA:120,10,0,0
BRDA:120,10,1,0
BRDA:184,11,0,0
BRDA:184,11,1,0
BRDA:184,12,0,0
BRDA:184,12,1,0
BRDA:184,12,2,0
BRDA:188,13,0,0
BRDA:188,13,1,0
BRDA:188,14,0,0
BRDA:188,14,1,0
BRDA:196,15,0,0
BRDA:196,15,1,0
BRDA:199,16,0,0
BRDA:199,16,1,0
BRDA:215,17,0,0
BRDA:215,17,1,0
BRDA:219,18,0,0
BRDA:219,18,1,0
BRDA:220,19,0,0
BRDA:220,19,1,0
BRDA:221,20,0,0
BRDA:221,20,1,0
BRDA:222,21,0,0
BRDA:222,21,1,0
BRDA:224,22,0,0
BRDA:224,22,1,0
BRDA:242,23,0,0
BRDA:242,23,1,0
BRDA:244,24,0,0
BRDA:244,24,1,0
BRDA:256,25,0,0
BRDA:256,25,1,0
BRDA:256,26,0,0
BRDA:256,26,1,0
BRDA:266,27,0,0
BRDA:266,27,1,0
BRDA:267,28,0,0
BRDA:267,28,1,0
BRDA:286,29,0,0
BRDA:286,29,1,0
BRDA:300,30,0,0
BRDA:300,30,1,0
BRDA:317,31,0,0
BRDA:317,31,1,0
BRDA:320,32,0,0
BRDA:320,32,1,0
BRDA:320,33,0,0
BRDA:320,33,1,0
BRDA:327,34,0,0
BRDA:327,34,1,0
BRDA:328,35,0,0
BRDA:328,35,1,0
BRDA:330,36,0,0
BRDA:330,36,1,0
BRDA:356,37,0,0
BRDA:356,37,1,0
BRDA:359,38,0,0
BRDA:359,38,1,0
BRDA:368,39,0,0
BRDA:368,40,0,0
BRDA:372,41,0,0
BRDA:372,41,1,0
BRDA:372,42,0,0
BRDA:372,42,1,0
BRDA:374,43,0,0
BRDA:374,43,1,0
BRDA:375,44,0,0
BRDA:375,44,1,0
BRDA:406,45,0,0
BRDA:406,45,1,0
BRDA:447,46,0,0
BRDA:447,47,0,0
BRDA:450,48,0,0
BRDA:450,48,1,0
BRDA:456,49,0,0
BRDA:456,49,1,0
BRDA:456,50,0,0
BRDA:456,50,1,0
BRDA:458,51,0,0
BRDA:458,51,1,0
BRDA:459,52,0,0
BRDA:459,52,1,0
BRDA:486,53,0,0
BRDA:486,53,1,0
BRDA:489,54,0,0
BRDA:489,54,1,0
BRDA:491,55,0,0
BRDA:491,55,1,0
BRDA:497,56,0,0
BRDA:497,56,1,0
BRDA:498,57,0,0
BRDA:498,57,1,0
BRDA:500,58,0,0
BRDA:500,58,1,0
BRDA:501,59,0,0
BRDA:501,59,1,0
BRDA:504,60,0,0
BRDA:504,60,1,0
BRDA:517,61,0,0
BRDA:517,62,0,0
BRDA:522,63,0,0
BRDA:522,63,1,0
BRDA:526,64,0,0
BRDA:526,64,1,0
BRDA:526,65,0,0
BRDA:526,65,1,0
BRDA:528,66,0,0
BRDA:528,66,1,0
BRDA:529,67,0,0
BRDA:529,67,1,0
BRDA:537,68,0,0
BRDA:537,68,1,0
BRDA:559,69,0,0
BRDA:559,69,1,0
BRDA:567,70,0,0
BRDA:567,70,1,0
BRDA:575,71,0,0
BRDA:575,71,1,0
BRDA:579,72,0,0
BRDA:579,72,1,0
BRDA:583,73,0,0
BRDA:583,73,1,0
BRDA:587,74,0,0
BRDA:587,74,1,0
BRDA:589,75,0,0
BRDA:589,75,1,0
BRDA:597,76,0,0
BRDA:597,76,1,0
BRDA:634,77,0,0
BRDA:634,77,1,0
BRDA:638,78,0,0
BRDA:638,78,1,0
BRDA:649,79,0,0
BRDA:649,79,1,0
BRDA:656,80,0,0
BRDA:656,80,1,0
BRDA:661,81,0,0
BRDA:661,81,1,0
BRDA:674,82,0,0
BRDA:674,82,1,0
BRDA:676,83,0,0
BRDA:676,83,1,0
BRDA:676,84,0,0
BRDA:676,84,1,0
BRDA:708,85,0,0
BRDA:708,85,1,0
BRDA:708,86,0,0
BRDA:708,86,1,0
BRDA:729,87,0,0
BRDA:729,87,1,0
BRDA:729,88,0,0
BRDA:729,88,1,0
BRDA:729,88,2,0
BRDA:740,89,0,0
BRDA:740,89,1,0
BRDA:750,90,0,0
BRDA:750,90,1,0
BRDA:753,91,0,0
BRDA:753,91,1,0
BRDA:754,92,0,0
BRDA:754,92,1,0
BRDA:759,93,0,0
BRDA:759,93,1,0
BRDA:759,94,0,0
BRDA:759,94,1,0
BRDA:771,95,0,0
BRDA:771,95,1,0
BRDA:807,96,0,0
BRDA:807,96,1,0
BRDA:814,97,0,0
BRDA:814,97,1,0
BRDA:817,98,0,0
BRDA:817,98,1,0
BRDA:817,99,0,0
BRDA:817,99,1,0
BRDA:820,100,0,0
BRDA:820,100,1,0
BRDA:824,101,0,0
BRDA:824,101,1,0
BRDA:840,102,0,0
BRDA:840,102,1,0
BRDA:841,103,0,0
BRDA:841,103,1,0
BRDA:844,104,0,0
BRDA:844,104,1,0
BRDA:845,105,0,0
BRDA:845,105,1,0
BRDA:846,106,0,0
BRDA:846,106,1,0
BRDA:850,107,0,0
BRDA:850,107,1,0
BRDA:850,108,0,0
BRDA:850,108,1,0
BRDA:863,109,0,0
BRDA:863,109,1,0
BRDA:866,110,0,0
BRDA:866,110,1,0
BRDA:875,111,0,0
BRDA:875,111,1,0
BRDA:875,112,0,0
BRDA:875,112,1,0
BRDA:875,112,2,0
BRDA:886,113,0,0
BRDA:886,113,1,0
BRDA:900,114,0,0
BRDA:900,114,1,0
BRDA:900,115,0,0
BRDA:900,115,1,0
BRDA:905,116,0,0
BRDA:905,116,1,0
BRDA:922,117,0,0
BRDA:922,117,1,0
BRDA:928,118,0,0
BRDA:928,118,1,0
BRDA:928,119,0,0
BRDA:928,119,1,0
BRDA:944,120,0,0
BRDA:944,120,1,0
BRDA:963,121,0,0
BRDA:963,121,1,0
BRDA:963,122,0,0
BRDA:963,122,1,0
BRDA:966,123,0,0
BRDA:966,123,1,0
BRDA:966,124,0,0
BRDA:966,124,1,0
BRDA:980,125,0,0
BRDA:980,125,1,0
BRDA:1006,126,0,0
BRDA:1006,126,1,0
BRDA:1007,127,0,0
BRDA:1007,127,1,0
BRDA:1012,128,0,0
BRDA:1012,128,1,0
BRDA:1015,129,0,0
BRDA:1015,129,1,0
BRDA:1039,130,0,0
BRDA:1039,130,1,0
BRDA:1040,131,0,0
BRDA:1040,131,1,0
BRDA:1059,132,0,0
BRDA:1059,132,1,0
BRDA:1062,133,0,0
BRDA:1062,133,1,0
BRF:265
BRH:0
end_of_record
TN:
SF:src\routes\sales.js
FN:9,(anonymous_0)
FN:39,(anonymous_1)
FN:40,(anonymous_2)
FN:41,(anonymous_3)
FN:62,(anonymous_4)
FN:147,(anonymous_5)
FN:159,(anonymous_6)
FNF:7
FNH:0
FNDA:0,(anonymous_0)
FNDA:0,(anonymous_1)
FNDA:0,(anonymous_2)
FNDA:0,(anonymous_3)
FNDA:0,(anonymous_4)
FNDA:0,(anonymous_5)
FNDA:0,(anonymous_6)
DA:1,0
DA:2,0
DA:3,0
DA:4,0
DA:5,0
DA:6,0
DA:9,0
DA:10,0
DA:11,0
DA:14,0
DA:16,0
DA:17,0
DA:18,0
DA:19,0
DA:22,0
DA:23,0
DA:26,0
DA:27,0
DA:31,0
DA:39,0
DA:40,0
DA:41,0
DA:44,0
DA:52,0
DA:53,0
DA:62,0
DA:63,0
DA:64,0
DA:67,0
DA:68,0
DA:75,0
DA:76,0
DA:78,0
DA:79,0
DA:80,0
DA:81,0
DA:87,0
DA:88,0
DA:94,0
DA:95,0
DA:97,0
DA:105,0
DA:106,0
DA:109,0
DA:110,0
DA:113,0
DA:124,0
DA:127,0
DA:128,0
DA:129,0
DA:131,0
DA:137,0
DA:138,0
DA:147,0
DA:148,0
DA:149,0
DA:151,0
DA:152,0
DA:153,0
DA:155,0
DA:159,0
DA:160,0
DA:161,0
DA:163,0
DA:171,0
DA:172,0
DA:180,0
LF:67
LH:0
BRDA:11,0,0,0
BRDA:16,1,0,0
BRDA:16,1,1,0
BRDA:16,2,0,0
BRDA:16,2,1,0
BRDA:18,3,0,0
BRDA:18,3,1,0
BRDA:19,4,0,0
BRDA:19,4,1,0
BRDA:22,5,0,0
BRDA:22,5,1,0
BRDA:26,6,0,0
BRDA:26,6,1,0
BRDA:67,7,0,0
BRDA:67,7,1,0
BRDA:67,8,0,0
BRDA:67,8,1,0
BRDA:80,9,0,0
BRDA:80,9,1,0
BRDA:87,10,0,0
BRDA:87,10,1,0
BRDA:109,11,0,0
BRDA:109,11,1,0
BRDA:119,12,0,0
BRDA:119,12,1,0
BRDA:121,13,0,0
BRDA:121,13,1,0
BRDA:149,14,0,0
BRDA:161,15,0,0
BRDA:161,15,1,0
BRF:30
BRH:0
end_of_record
TN:
SF:src\routes\stats.js
FN:9,(anonymous_0)
FN:69,(anonymous_1)
FN:100,(anonymous_2)
FN:135,(anonymous_3)
FN:154,(anonymous_4)
FNF:5
FNH:0
FNDA:0,(anonymous_0)
FNDA:0,(anonymous_1)
FNDA:0,(anonymous_2)
FNDA:0,(anonymous_3)
FNDA:0,(anonymous_4)
DA:1,0
DA:2,0
DA:3,0
DA:4,0
DA:5,0
DA:7,0
DA:9,0
DA:10,0
DA:11,0
DA:12,0
DA:14,0
DA:15,0
DA:17,0
DA:18,0
DA:30,0
DA:47,0
DA:48,0
DA:49,0
DA:50,0
DA:53,0
DA:65,0
DA:69,0
DA:70,0
DA:71,0
DA:74,0
DA:76,0
DA:78,0
DA:79,0
DA:80,0
DA:81,0
DA:83,0
DA:100,0
DA:101,0
DA:102,0
DA:103,0
DA:109,0
DA:112,0
DA:113,0
DA:114,0
DA:115,0
DA:117,0
DA:135,0
DA:136,0
DA:137,0
DA:138,0
DA:139,0
DA:140,0
DA:141,0
DA:147,0
DA:150,0
DA:154,0
DA:155,0
DA:156,0
DA:164,0
DA:166,0
DA:170,0
LF:56
LH:0
BRDA:48,0,0,0
BRDA:48,0,1,0
BRDA:54,1,0,0
BRDA:54,1,1,0
BRDA:55,2,0,0
BRDA:55,2,1,0
BRDA:56,3,0,0
BRDA:56,3,1,0
BRDA:57,4,0,0
BRDA:57,4,1,0
BRDA:71,5,0,0
BRDA:76,6,0,0
BRDA:76,6,1,0
BRDA:105,7,0,0
BRDA:105,7,1,0
BRDA:112,8,0,0
BRDA:112,8,1,0
BRDA:143,9,0,0
BRDA:143,9,1,0
BRF:19
BRH:0
end_of_record
TN:
SF:src\routes\telegram.js
FN:8,(anonymous_0)
FN:24,(anonymous_1)
FN:38,(anonymous_2)
FN:66,(anonymous_3)
FN:87,(anonymous_4)
FN:102,(anonymous_5)
FN:116,(anonymous_6)
FN:134,(anonymous_7)
FN:148,(anonymous_8)
FN:171,(anonymous_9)
FN:185,(anonymous_10)
FNF:11
FNH:0
FNDA:0,(anonymous_0)
FNDA:0,(anonymous_1)
FNDA:0,(anonymous_2)
FNDA:0,(anonymous_3)
FNDA:0,(anonymous_4)
FNDA:0,(anonymous_5)
FNDA:0,(anonymous_6)
FNDA:0,(anonymous_7)
FNDA:0,(anonymous_8)
FNDA:0,(anonymous_9)
FNDA:0,(anonymous_10)
DA:1,0
DA:2,0
DA:3,0
DA:5,0
DA:8,0
DA:9,0
DA:10,0
DA:11,0
DA:14,0
DA:16,0
DA:18,0
DA:19,0
DA:24,0
DA:25,0
DA:26,0
DA:27,0
DA:28,0
DA:30,0
DA:31,0
DA:33,0
DA:38,0
DA:39,0
DA:40,0
DA:41,0
DA:42,0
DA:44,0
DA:45,0
DA:49,0
DA:50,0
DA:51,0
DA:58,0
DA:59,0
DA:61,0
DA:66,0
DA:67,0
DA:68,0
DA:70,0
DA:71,0
DA:74,0
DA:76,0
DA:77,0
DA:79,0
DA:82,0
DA:87,0
DA:88,0
DA:89,0
DA:91,0
DA:92,0
DA:94,0
DA:97,0
DA:102,0
DA:103,0
DA:104,0
DA:109,0
DA:111,0
DA:116,0
DA:117,0
DA:118,0
DA:124,0
DA:129,0
DA:134,0
DA:135,0
DA:136,0
DA:137,0
DA:138,0
DA:140,0
DA:143,0
DA:148,0
DA:149,0
DA:150,0
DA:152,0
DA:153,0
DA:156,0
DA:158,0
DA:160,0
DA:161,0
DA:163,0
DA:166,0
DA:171,0
DA:172,0
DA:173,0
DA:174,0
DA:175,0
DA:177,0
DA:180,0
DA:185,0
DA:186,0
DA:187,0
DA:189,0
DA:190,0
DA:197,0
DA:200,0
DA:201,0
DA:203,0
DA:213,0
DA:215,0
DA:216,0
DA:221,0
DA:227,0
DA:228,0
DA:236,0
LF:101
LH:0
BRDA:27,0,0,0
BRDA:27,0,1,0
BRDA:41,1,0,0
BRDA:41,1,1,0
BRDA:44,2,0,0
BRDA:44,2,1,0
BRDA:49,3,0,0
BRDA:49,3,1,0
BRDA:50,4,0,0
BRDA:50,4,1,0
BRDA:70,5,0,0
BRDA:70,5,1,0
BRDA:76,6,0,0
BRDA:76,6,1,0
BRDA:76,7,0,0
BRDA:76,7,1,0
BRDA:91,8,0,0
BRDA:91,8,1,0
BRDA:91,9,0,0
BRDA:91,9,1,0
BRDA:105,10,0,0
BRDA:105,10,1,0
BRDA:106,11,0,0
BRDA:106,11,1,0
BRDA:107,12,0,0
BRDA:107,12,1,0
BRDA:137,13,0,0
BRDA:137,13,1,0
BRDA:137,14,0,0
BRDA:137,14,1,0
BRDA:152,15,0,0
BRDA:152,15,1,0
BRDA:160,16,0,0
BRDA:160,16,1,0
BRDA:174,17,0,0
BRDA:174,17,1,0
BRDA:174,18,0,0
BRDA:174,18,1,0
BRDA:189,19,0,0
BRDA:189,19,1,0
BRDA:189,20,0,0
BRDA:189,20,1,0
BRDA:197,21,0,0
BRDA:197,21,1,0
BRDA:200,22,0,0
BRDA:200,22,1,0
BRDA:200,23,0,0
BRDA:200,23,1,0
BRDA:201,24,0,0
BRDA:201,24,1,0
BRDA:201,25,0,0
BRDA:201,25,1,0
BRDA:205,26,0,0
BRDA:205,26,1,0
BRDA:206,27,0,0
BRDA:206,27,1,0
BRDA:215,28,0,0
BRDA:215,28,1,0
BRF:58
BRH:0
end_of_record
TN:
SF:src\routes\users.js
FN:7,(anonymous_0)
FN:16,(anonymous_1)
FN:29,(anonymous_2)
FN:40,(anonymous_3)
FN:106,(anonymous_4)
FN:145,(anonymous_5)
FNF:6
FNH:0
FNDA:0,(anonymous_0)
FNDA:0,(anonymous_1)
FNDA:0,(anonymous_2)
FNDA:0,(anonymous_3)
FNDA:0,(anonymous_4)
FNDA:0,(anonymous_5)
DA:1,0
DA:2,0
DA:3,0
DA:5,0
DA:7,0
DA:8,0
DA:9,0
DA:10,0
DA:12,0
DA:16,0
DA:17,0
DA:18,0
DA:22,0
DA:24,0
DA:29,0
DA:30,0
DA:31,0
DA:34,0
DA:36,0
DA:40,0
DA:41,0
DA:42,0
DA:44,0
DA:47,0
DA:48,0
DA:49,0
DA:52,0
DA:53,0
DA:54,0
DA:58,0
DA:59,0
DA:60,0
DA:62,0
DA:63,0
DA:64,0
DA:65,0
DA:69,0
DA:76,0
DA:77,0
DA:80,0
DA:81,0
DA:85,0
DA:86,0
DA:89,0
DA:90,0
DA:92,0
DA:101,0
DA:102,0
DA:106,0
DA:107,0
DA:108,0
DA:113,0
DA:114,0
DA:116,0
DA:119,0
DA:121,0
DA:122,0
DA:123,0
DA:126,0
DA:127,0
DA:128,0
DA:129,0
DA:132,0
DA:133,0
DA:135,0
DA:137,0
DA:138,0
DA:139,0
DA:141,0
DA:145,0
DA:146,0
DA:147,0
DA:148,0
DA:151,0
DA:152,0
DA:153,0
DA:154,0
DA:157,0
DA:161,0
DA:162,0
DA:163,0
DA:164,0
DA:165,0
DA:169,0
DA:170,0
DA:171,0
DA:173,0
DA:174,0
DA:178,0
LF:89
LH:0
BRDA:44,0,0,0
BRDA:44,0,1,0
BRDA:47,1,0,0
BRDA:47,1,1,0
BRDA:47,2,0,0
BRDA:47,2,1,0
BRDA:47,2,2,0
BRDA:52,3,0,0
BRDA:52,3,1,0
BRDA:52,4,0,0
BRDA:52,4,1,0
BRDA:59,5,0,0
BRDA:59,5,1,0
BRDA:60,6,0,0
BRDA:60,6,1,0
BRDA:62,7,0,0
BRDA:62,7,1,0
BRDA:64,8,0,0
BRDA:64,8,1,0
BRDA:76,9,0,0
BRDA:76,9,1,0
BRDA:77,10,0,0
BRDA:77,10,1,0
BRDA:80,11,0,0
BRDA:80,11,1,0
BRDA:80,12,0,0
BRDA:80,12,1,0
BRDA:85,13,0,0
BRDA:85,13,1,0
BRDA:85,14,0,0
BRDA:85,14,1,0
BRDA:98,15,0,0
BRDA:98,15,1,0
BRDA:113,16,0,0
BRDA:113,16,1,0
BRDA:119,17,0,0
BRDA:119,17,1,0
BRDA:126,18,0,0
BRDA:126,18,1,0
BRDA:126,19,0,0
BRDA:126,19,1,0
BRDA:128,20,0,0
BRDA:128,20,1,0
BRDA:132,21,0,0
BRDA:132,21,1,0
BRDA:152,22,0,0
BRDA:152,22,1,0
BRDA:161,23,0,0
BRDA:161,23,1,0
BRDA:163,24,0,0
BRDA:163,24,1,0
BRF:51
BRH:0
end_of_record
TN:
SF:src\routes\warehouses.js
FN:8,(anonymous_0)
FN:12,(anonymous_1)
FN:23,(anonymous_2)
FN:40,(anonymous_3)
FN:50,(anonymous_4)
FNF:5
FNH:0
FNDA:0,(anonymous_0)
FNDA:0,(anonymous_1)
FNDA:0,(anonymous_2)
FNDA:0,(anonymous_3)
FNDA:0,(anonymous_4)
DA:1,0
DA:2,0
DA:3,0
DA:4,0
DA:6,0
DA:8,0
DA:9,0
DA:10,0
DA:11,0
DA:13,0
DA:14,0
DA:17,0
DA:19,0
DA:23,0
DA:24,0
DA:25,0
DA:28,0
DA:29,0
DA:32,0
DA:33,0
DA:34,0
DA:36,0
DA:40,0
DA:41,0
DA:42,0
DA:43,0
DA:44,0
DA:46,0
DA:50,0
DA:51,0
DA:52,0
DA:53,0
DA:54,0
DA:56,0
DA:60,0
LF:35
LH:0
BRDA:28,0,0,0
BRDA:28,0,1,0
BRDA:28,1,0,0
BRDA:28,1,1,0
BRDA:43,2,0,0
BRDA:43,2,1,0
BRDA:53,3,0,0
BRDA:53,3,1,0
BRF:8
BRH:0
end_of_record
TN:
SF:src\routes\hr\attendance.js
FN:12,(anonymous_0)
FN:45,(anonymous_1)
FN:72,(anonymous_2)
FN:73,(anonymous_3)
FN:74,(anonymous_4)
FN:75,(anonymous_5)
FN:76,(anonymous_6)
FN:77,(anonymous_7)
FN:78,(anonymous_8)
FN:79,(anonymous_9)
FN:94,(anonymous_10)
FN:185,(anonymous_11)
FN:235,(anonymous_12)
FN:264,(anonymous_13)
FNF:14
FNH:0
FNDA:0,(anonymous_0)
FNDA:0,(anonymous_1)
FNDA:0,(anonymous_2)
FNDA:0,(anonymous_3)
FNDA:0,(anonymous_4)
FNDA:0,(anonymous_5)
FNDA:0,(anonymous_6)
FNDA:0,(anonymous_7)
FNDA:0,(anonymous_8)
FNDA:0,(anonymous_9)
FNDA:0,(anonymous_10)
FNDA:0,(anonymous_11)
FNDA:0,(anonymous_12)
FNDA:0,(anonymous_13)
DA:1,0
DA:2,0
DA:3,0
DA:4,0
DA:5,0
DA:6,0
DA:8,0
DA:9,0
DA:12,0
DA:13,0
DA:14,0
DA:16,0
DA:18,0
DA:19,0
DA:21,0
DA:22,0
DA:23,0
DA:24,0
DA:27,0
DA:33,0
DA:39,0
DA:40,0
DA:45,0
DA:46,0
DA:47,0
DA:49,0
DA:50,0
DA:56,0
DA:57,0
DA:59,0
DA:63,0
DA:65,0
DA:70,0
DA:72,0
DA:73,0
DA:74,0
DA:75,0
DA:76,0
DA:77,0
DA:78,0
DA:79,0
DA:82,0
DA:88,0
DA:89,0
DA:94,0
DA:95,0
DA:103,0
DA:105,0
DA:106,0
DA:113,0
DA:114,0
DA:115,0
DA:122,0
DA:123,0
DA:124,0
DA:126,0
DA:131,0
DA:132,0
DA:139,0
DA:140,0
DA:141,0
DA:143,0
DA:144,0
DA:145,0
DA:146,0
DA:149,0
DA:150,0
DA:152,0
DA:153,0
DA:154,0
DA:158,0
DA:170,0
DA:171,0
DA:173,0
DA:179,0
DA:180,0
DA:185,0
DA:186,0
DA:187,0
DA:189,0
DA:191,0
DA:192,0
DA:199,0
DA:200,0
DA:201,0
DA:202,0
DA:205,0
DA:206,0
DA:208,0
DA:209,0
DA:211,0
DA:212,0
DA:213,0
DA:215,0
DA:216,0
DA:220,0
DA:221,0
DA:223,0
DA:229,0
DA:230,0
DA:235,0
DA:236,0
DA:237,0
DA:239,0
DA:240,0
DA:246,0
DA:247,0
DA:249,0
DA:250,0
DA:252,0
DA:258,0
DA:259,0
DA:264,0
DA:265,0
DA:266,0
DA:268,0
DA:269,0
DA:275,0
DA:277,0
DA:282,0
DA:283,0
DA:287,0
LF:122
LH:0
BRDA:18,0,0,0
BRDA:18,0,1,0
BRDA:19,1,0,0
BRDA:19,1,1,0
BRDA:21,2,0,0
BRDA:21,2,1,0
BRDA:21,3,0,0
BRDA:21,3,1,0
BRDA:23,4,0,0
BRDA:23,4,1,0
BRDA:24,5,0,0
BRDA:24,5,1,0
BRDA:49,6,0,0
BRDA:49,6,1,0
BRDA:49,7,0,0
BRDA:49,7,1,0
BRDA:63,8,0,0
BRDA:63,8,1,0
BRDA:78,9,0,0
BRDA:78,9,1,0
BRDA:79,10,0,0
BRDA:79,10,1,0
BRDA:105,11,0,0
BRDA:105,11,1,0
BRDA:105,12,0,0
BRDA:105,12,1,0
BRDA:114,13,0,0
BRDA:114,13,1,0
BRDA:131,14,0,0
BRDA:131,14,1,0
BRDA:143,15,0,0
BRDA:143,15,1,0
BRDA:143,16,0,0
BRDA:143,16,1,0
BRDA:152,17,0,0
BRDA:152,17,1,0
BRDA:161,18,0,0
BRDA:161,18,1,0
BRDA:162,19,0,0
BRDA:162,19,1,0
BRDA:164,20,0,0
BRDA:164,20,1,0
BRDA:191,21,0,0
BRDA:191,21,1,0
BRDA:199,22,0,0
BRDA:199,22,1,0
BRDA:200,23,0,0
BRDA:200,23,1,0
BRDA:201,24,0,0
BRDA:201,24,1,0
BRDA:202,25,0,0
BRDA:202,25,1,0
BRDA:205,26,0,0
BRDA:205,26,1,0
BRDA:205,27,0,0
BRDA:205,27,1,0
BRDA:211,28,0,0
BRDA:211,28,1,0
BRDA:239,29,0,0
BRDA:239,29,1,0
BRDA:268,30,0,0
BRDA:268,30,1,0
BRF:62
BRH:0
end_of_record
TN:
SF:src\routes\hr\employees.js
FN:13,(anonymous_0)
FN:33,(anonymous_1)
FN:46,(anonymous_2)
FN:66,(anonymous_3)
FN:80,(anonymous_4)
FN:99,(anonymous_5)
FN:109,(anonymous_6)
FN:122,(anonymous_7)
FN:160,(anonymous_8)
FN:193,(anonymous_9)
FN:227,(anonymous_10)
FN:282,(anonymous_11)
FN:317,(anonymous_12)
FNF:13
FNH:0
FNDA:0,(anonymous_0)
FNDA:0,(anonymous_1)
FNDA:0,(anonymous_2)
FNDA:0,(anonymous_3)
FNDA:0,(anonymous_4)
FNDA:0,(anonymous_5)
FNDA:0,(anonymous_6)
FNDA:0,(anonymous_7)
FNDA:0,(anonymous_8)
FNDA:0,(anonymous_9)
FNDA:0,(anonymous_10)
FNDA:0,(anonymous_11)
FNDA:0,(anonymous_12)
DA:1,0
DA:2,0
DA:3,0
DA:4,0
DA:5,0
DA:6,0
DA:9,0
DA:10,0
DA:13,0
DA:14,0
DA:16,0
DA:22,0
DA:28,0
DA:33,0
DA:36,0
DA:46,0
DA:47,0
DA:49,0
DA:60,0
DA:61,0
DA:66,0
DA:67,0
DA:68,0
DA:71,0
DA:74,0
DA:80,0
DA:81,0
DA:90,0
DA:99,0
DA:100,0
DA:109,0
DA:111,0
DA:116,0
DA:117,0
DA:122,0
DA:123,0
DA:124,0
DA:126,0
DA:129,0
DA:130,0
DA:133,0
DA:137,0
DA:138,0
DA:141,0
DA:145,0
DA:146,0
DA:153,0
DA:159,0
DA:161,0
DA:170,0
DA:181,0
DA:187,0
DA:188,0
DA:193,0
DA:194,0
DA:195,0
DA:199,0
DA:200,0
DA:204,0
DA:213,0
DA:221,0
DA:222,0
DA:227,0
DA:228,0
DA:229,0
DA:232,0
DA:233,0
DA:240,0
DA:244,0
DA:245,0
DA:252,0
DA:264,0
DA:267,0
DA:268,0
DA:270,0
DA:276,0
DA:277,0
DA:282,0
DA:283,0
DA:284,0
DA:286,0
DA:288,0
DA:289,0
DA:293,0
DA:294,0
DA:295,0
DA:296,0
DA:297,0
DA:298,0
DA:300,0
DA:302,0
DA:303,0
DA:305,0
DA:311,0
DA:312,0
DA:317,0
DA:318,0
DA:319,0
DA:321,0
DA:322,0
DA:326,0
DA:327,0
DA:328,0
DA:330,0
DA:335,0
DA:336,0
DA:340,0
LF:107
LH:0
BRDA:46,0,0,0
BRDA:46,0,1,0
BRDA:47,1,0,0
BRDA:47,1,1,0
BRDA:129,2,0,0
BRDA:129,2,1,0
BRDA:129,3,0,0
BRDA:129,3,1,0
BRDA:137,4,0,0
BRDA:137,4,1,0
BRDA:145,5,0,0
BRDA:145,5,1,0
BRDA:172,6,0,0
BRDA:172,6,1,0
BRDA:199,7,0,0
BRDA:199,7,1,0
BRDA:232,8,0,0
BRDA:232,8,1,0
BRDA:232,9,0,0
BRDA:232,9,1,0
BRDA:232,9,2,0
BRDA:232,9,3,0
BRDA:244,10,0,0
BRDA:244,10,1,0
BRDA:260,11,0,0
BRDA:260,11,1,0
BRDA:288,12,0,0
BRDA:288,12,1,0
BRDA:293,13,0,0
BRDA:293,13,1,0
BRDA:294,14,0,0
BRDA:294,14,1,0
BRDA:295,15,0,0
BRDA:295,15,1,0
BRDA:296,16,0,0
BRDA:296,16,1,0
BRDA:297,17,0,0
BRDA:297,17,1,0
BRDA:298,18,0,0
BRDA:298,18,1,0
BRDA:321,19,0,0
BRDA:321,19,1,0
BRF:42
BRH:0
end_of_record
TN:
SF:src\routes\hr\kpi.js
FN:19,(anonymous_0)
FN:43,(anonymous_1)
FN:72,(anonymous_2)
FN:96,(anonymous_3)
FN:134,(anonymous_4)
FN:159,(anonymous_5)
FN:201,(anonymous_6)
FN:216,(anonymous_7)
FN:241,(anonymous_8)
FN:258,(anonymous_9)
FN:267,(anonymous_10)
FN:292,(anonymous_11)
FNF:12
FNH:0
FNDA:0,(anonymous_0)
FNDA:0,(anonymous_1)
FNDA:0,(anonymous_2)
FNDA:0,(anonymous_3)
FNDA:0,(anonymous_4)
FNDA:0,(anonymous_5)
FNDA:0,(anonymous_6)
FNDA:0,(anonymous_7)
FNDA:0,(anonymous_8)
FNDA:0,(anonymous_9)
FNDA:0,(anonymous_10)
FNDA:0,(anonymous_11)
DA:1,0
DA:2,0
DA:3,0
DA:4,0
DA:5,0
DA:6,0
DA:7,0
DA:8,0
DA:11,0
DA:12,0
DA:19,0
DA:20,0
DA:21,0
DA:23,0
DA:24,0
DA:25,0
DA:26,0
DA:28,0
DA:32,0
DA:37,0
DA:38,0
DA:43,0
DA:44,0
DA:45,0
DA:50,0
DA:52,0
DA:58,0
DA:60,0
DA:61,0
DA:67,0
DA:72,0
DA:73,0
DA:74,0
DA:80,0
DA:81,0
DA:84,0
DA:90,0
DA:91,0
DA:96,0
DA:97,0
DA:98,0
DA:100,0
DA:101,0
DA:105,0
DA:110,0
DA:111,0
DA:117,0
DA:119,0
DA:124,0
DA:125,0
DA:134,0
DA:135,0
DA:136,0
DA:138,0
DA:139,0
DA:140,0
DA:142,0
DA:148,0
DA:153,0
DA:154,0
DA:159,0
DA:160,0
DA:161,0
DA:164,0
DA:170,0
DA:171,0
DA:177,0
DA:186,0
DA:187,0
DA:189,0
DA:195,0
DA:196,0
DA:201,0
DA:202,0
DA:203,0
DA:205,0
DA:210,0
DA:211,0
DA:216,0
DA:217,0
DA:218,0
DA:220,0
DA:221,0
DA:224,0
DA:226,0
DA:231,0
DA:232,0
DA:241,0
DA:242,0
DA:243,0
DA:245,0
DA:246,0
DA:252,0
DA:254,0
DA:258,0
DA:261,0
DA:262,0
DA:267,0
DA:268,0
DA:269,0
DA:271,0
DA:272,0
DA:278,0
DA:280,0
DA:286,0
DA:287,0
DA:292,0
DA:293,0
DA:294,0
DA:296,0
DA:302,0
DA:308,0
DA:314,0
DA:315,0
DA:319,0
LF:115
LH:0
BRDA:24,0,0,0
BRDA:24,0,1,0
BRDA:25,1,0,0
BRDA:25,1,1,0
BRDA:26,2,0,0
BRDA:26,2,1,0
BRDA:60,3,0,0
BRDA:60,3,1,0
BRDA:80,4,0,0
BRDA:80,4,1,0
BRDA:100,5,0,0
BRDA:100,5,1,0
BRDA:110,6,0,0
BRDA:110,6,1,0
BRDA:139,7,0,0
BRDA:139,7,1,0
BRDA:140,8,0,0
BRDA:140,8,1,0
BRDA:170,9,0,0
BRDA:170,9,1,0
BRDA:220,10,0,0
BRDA:220,10,1,0
BRDA:245,11,0,0
BRDA:245,11,1,0
BRDA:245,12,0,0
BRDA:245,12,1,0
BRDA:245,12,2,0
BRDA:271,13,0,0
BRDA:271,13,1,0
BRDA:271,14,0,0
BRDA:271,14,1,0
BRF:31
BRH:0
end_of_record
TN:
SF:src\routes\hr\payroll.js
FN:12,(anonymous_0)
FN:41,(anonymous_1)
FN:67,(anonymous_2)
FN:115,(anonymous_3)
FN:147,(anonymous_4)
FN:189,(anonymous_5)
FN:221,(anonymous_6)
FNF:7
FNH:0
FNDA:0,(anonymous_0)
FNDA:0,(anonymous_1)
FNDA:0,(anonymous_2)
FNDA:0,(anonymous_3)
FNDA:0,(anonymous_4)
FNDA:0,(anonymous_5)
FNDA:0,(anonymous_6)
DA:1,0
DA:2,0
DA:3,0
DA:4,0
DA:5,0
DA:6,0
DA:8,0
DA:9,0
DA:12,0
DA:13,0
DA:14,0
DA:16,0
DA:18,0
DA:19,0
DA:20,0
DA:21,0
DA:23,0
DA:29,0
DA:35,0
DA:36,0
DA:41,0
DA:42,0
DA:43,0
DA:49,0
DA:50,0
DA:56,0
DA:61,0
DA:62,0
DA:67,0
DA:68,0
DA:69,0
DA:71,0
DA:72,0
DA:79,0
DA:85,0
DA:86,0
DA:93,0
DA:100,0
DA:106,0
DA:107,0
DA:115,0
DA:116,0
DA:117,0
DA:119,0
DA:120,0
DA:126,0
DA:132,0
DA:138,0
DA:139,0
DA:147,0
DA:148,0
DA:149,0
DA:151,0
DA:153,0
DA:154,0
DA:160,0
DA:161,0
DA:167,0
DA:168,0
DA:169,0
DA:170,0
DA:171,0
DA:172,0
DA:174,0
DA:175,0
DA:177,0
DA:183,0
DA:184,0
DA:189,0
DA:190,0
DA:191,0
DA:193,0
DA:194,0
DA:200,0
DA:201,0
DA:207,0
DA:208,0
DA:210,0
DA:215,0
DA:216,0
DA:221,0
DA:222,0
DA:223,0
DA:225,0
DA:226,0
DA:232,0
DA:233,0
DA:239,0
DA:241,0
DA:246,0
DA:247,0
DA:251,0
LF:92
LH:0
BRDA:18,0,0,0
BRDA:18,0,1,0
BRDA:19,1,0,0
BRDA:19,1,1,0
BRDA:20,2,0,0
BRDA:20,2,1,0
BRDA:21,3,0,0
BRDA:21,3,1,0
BRDA:49,4,0,0
BRDA:49,4,1,0
BRDA:71,5,0,0
BRDA:71,5,1,0
BRDA:71,6,0,0
BRDA:71,6,1,0
BRDA:71,6,2,0
BRDA:85,7,0,0
BRDA:85,7,1,0
BRDA:109,8,0,0
BRDA:109,8,1,0
BRDA:119,9,0,0
BRDA:119,9,1,0
BRDA:119,10,0,0
BRDA:119,10,1,0
BRDA:141,11,0,0
BRDA:141,11,1,0
BRDA:153,12,0,0
BRDA:153,12,1,0
BRDA:160,13,0,0
BRDA:160,13,1,0
BRDA:169,14,0,0
BRDA:169,14,1,0
BRDA:170,15,0,0
BRDA:170,15,1,0
BRDA:193,16,0,0
BRDA:193,16,1,0
BRDA:200,17,0,0
BRDA:200,17,1,0
BRDA:225,18,0,0
BRDA:225,18,1,0
BRDA:232,19,0,0
BRDA:232,19,1,0
BRF:41
BRH:0
end_of_record
TN:
SF:src\routes\hr\salary.js
FN:12,(anonymous_0)
FN:33,(anonymous_1)
FN:58,(anonymous_2)
FN:139,(anonymous_3)
FN:182,(anonymous_4)
FNF:5
FNH:0
FNDA:0,(anonymous_0)
FNDA:0,(anonymous_1)
FNDA:0,(anonymous_2)
FNDA:0,(anonymous_3)
FNDA:0,(anonymous_4)
DA:1,0
DA:2,0
DA:3,0
DA:4,0
DA:5,0
DA:6,0
DA:8,0
DA:9,0
DA:12,0
DA:13,0
DA:14,0
DA:22,0
DA:27,0
DA:28,0
DA:33,0
DA:34,0
DA:35,0
DA:47,0
DA:52,0
DA:53,0
DA:58,0
DA:59,0
DA:69,0
DA:72,0
DA:73,0
DA:80,0
DA:81,0
DA:82,0
DA:89,0
DA:98,0
DA:99,0
DA:100,0
DA:104,0
DA:116,0
DA:117,0
DA:119,0
DA:122,0
DA:124,0
DA:125,0
DA:127,0
DA:133,0
DA:134,0
DA:139,0
DA:140,0
DA:148,0
DA:150,0
DA:152,0
DA:153,0
DA:160,0
DA:161,0
DA:162,0
DA:163,0
DA:164,0
DA:165,0
DA:167,0
DA:168,0
DA:170,0
DA:176,0
DA:177,0
DA:182,0
DA:183,0
DA:184,0
DA:186,0
DA:187,0
DA:194,0
DA:195,0
DA:201,0
DA:203,0
DA:208,0
DA:209,0
DA:213,0
LF:71
LH:0
BRDA:72,0,0,0
BRDA:72,0,1,0
BRDA:72,1,0,0
BRDA:72,1,1,0
BRDA:81,2,0,0
BRDA:81,2,1,0
BRDA:98,3,0,0
BRDA:98,3,1,0
BRDA:99,4,0,0
BRDA:99,4,1,0
BRDA:108,5,0,0
BRDA:108,5,1,0
BRDA:109,6,0,0
BRDA:109,6,1,0
BRDA:110,7,0,0
BRDA:110,7,1,0
BRDA:111,8,0,0
BRDA:111,8,1,0
BRDA:112,9,0,0
BRDA:112,9,1,0
BRDA:116,10,0,0
BRDA:116,10,1,0
BRDA:152,11,0,0
BRDA:152,11,1,0
BRDA:160,12,0,0
BRDA:160,12,1,0
BRDA:161,13,0,0
BRDA:161,13,1,0
BRDA:162,14,0,0
BRDA:162,14,1,0
BRDA:163,15,0,0
BRDA:163,15,1,0
BRDA:164,16,0,0
BRDA:164,16,1,0
BRDA:165,17,0,0
BRDA:165,17,1,0
BRDA:186,18,0,0
BRDA:186,18,1,0
BRDA:194,19,0,0
BRDA:194,19,1,0
BRDA:194,20,0,0
BRDA:194,20,1,0
BRF:42
BRH:0
end_of_record
TN:
SF:src\services\KPICalculator.js
FN:10,(anonymous_0)
FN:96,(anonymous_1)
FN:124,(anonymous_2)
FN:131,(anonymous_3)
FN:137,(anonymous_4)
FN:148,(anonymous_5)
FN:157,(anonymous_6)
FN:164,(anonymous_7)
FN:173,(anonymous_8)
FN:182,(anonymous_9)
FN:198,(anonymous_10)
FNF:11
FNH:0
FNDA:0,(anonymous_0)
FNDA:0,(anonymous_1)
FNDA:0,(anonymous_2)
FNDA:0,(anonymous_3)
FNDA:0,(anonymous_4)
FNDA:0,(anonymous_5)
FNDA:0,(anonymous_6)
FNDA:0,(anonymous_7)
FNDA:0,(anonymous_8)
FNDA:0,(anonymous_9)
FNDA:0,(anonymous_10)
DA:1,0
DA:2,0
DA:3,0
DA:4,0
DA:11,0
DA:12,0
DA:15,0
DA:17,0
DA:18,0
DA:19,0
DA:22,0
DA:24,0
DA:25,0
DA:28,0
DA:36,0
DA:39,0
DA:42,0
DA:43,0
DA:46,0
DA:52,0
DA:54,0
DA:55,0
DA:56,0
DA:57,0
DA:58,0
DA:59,0
DA:62,0
DA:82,0
DA:83,0
DA:86,0
DA:88,0
DA:89,0
DA:97,0
DA:98,0
DA:100,0
DA:102,0
DA:105,0
DA:108,0
DA:111,0
DA:114,0
DA:117,0
DA:125,0
DA:131,0
DA:138,0
DA:149,0
DA:155,0
DA:157,0
DA:158,0
DA:165,0
DA:166,0
DA:167,0
DA:176,0
DA:183,0
DA:184,0
DA:189,0
DA:191,0
DA:192,0
DA:193,0
DA:194,0
DA:198,0
DA:201,0
DA:205,0
DA:209,0
LF:63
LH:0
BRDA:17,0,0,0
BRDA:17,0,1,0
BRDA:36,1,0,0
BRDA:36,1,1,0
BRDA:42,2,0,0
BRDA:42,2,1,0
BRDA:52,3,0,0
BRDA:52,3,1,0
BRDA:77,4,0,0
BRDA:77,4,1,0
BRDA:100,5,0,0
BRDA:100,5,1,0
BRDA:100,5,2,0
BRDA:100,5,3,0
BRDA:100,5,4,0
BRDA:100,5,5,0
BRDA:155,6,0,0
BRDA:155,6,1,0
BRDA:167,7,0,0
BRDA:167,7,1,0
BRF:20
BRH:0
end_of_record
TN:
SF:src\services\PayrollService.js
FN:10,(anonymous_0)
FN:61,(anonymous_1)
FN:104,(anonymous_2)
FN:123,(anonymous_3)
FN:164,(anonymous_4)
FN:184,(anonymous_5)
FN:194,(anonymous_6)
FN:196,(anonymous_7)
FN:208,(anonymous_8)
FNF:9
FNH:0
FNDA:0,(anonymous_0)
FNDA:0,(anonymous_1)
FNDA:0,(anonymous_2)
FNDA:0,(anonymous_3)
FNDA:0,(anonymous_4)
FNDA:0,(anonymous_5)
FNDA:0,(anonymous_6)
FNDA:0,(anonymous_7)
FNDA:0,(anonymous_8)
DA:1,0
DA:2,0
DA:3,0
DA:4,0
DA:11,0
DA:12,0
DA:15,0
DA:16,0
DA:17,0
DA:21,0
DA:24,0
DA:27,0
DA:41,0
DA:42,0
DA:44,0
DA:47,0
DA:49,0
DA:51,0
DA:53,0
DA:54,0
DA:62,0
DA:64,0
DA:69,0
DA:74,0
DA:75,0
DA:76,0
DA:83,0
DA:90,0
DA:98,0
DA:105,0
DA:107,0
DA:108,0
DA:111,0
DA:112,0
DA:115,0
DA:117,0
DA:124,0
DA:126,0
DA:127,0
DA:130,0
DA:131,0
DA:135,0
DA:138,0
DA:153,0
DA:155,0
DA:165,0
DA:167,0
DA:169,0
DA:184,0
DA:185,0
DA:186,0
DA:187,0
DA:188,0
DA:189,0
DA:193,0
DA:194,0
DA:196,0
DA:202,0
DA:209,0
DA:211,0
DA:212,0
DA:215,0
DA:216,0
DA:220,0
DA:227,0
DA:234,0
DA:235,0
DA:236,0
DA:237,0
DA:238,0
DA:239,0
DA:241,0
DA:243,0
DA:247,0
LF:74
LH:0
BRDA:16,0,0,0
BRDA:16,0,1,0
BRDA:41,1,0,0
BRDA:41,1,1,0
BRDA:107,2,0,0
BRDA:107,2,1,0
BRDA:111,3,0,0
BRDA:111,3,1,0
BRDA:123,4,0,0
BRDA:126,5,0,0
BRDA:126,5,1,0
BRDA:130,6,0,0
BRDA:130,6,1,0
BRDA:211,7,0,0
BRDA:211,7,1,0
BRDA:215,8,0,0
BRDA:215,8,1,0
BRF:17
BRH:0
end_of_record
TN:
SF:src\services\SalaryCalculator.js
FN:9,(anonymous_0)
FN:67,(anonymous_1)
FN:75,(anonymous_2)
FN:84,(anonymous_3)
FN:87,(anonymous_4)
FN:103,(anonymous_5)
FN:110,(anonymous_6)
FN:127,(anonymous_7)
FN:147,(anonymous_8)
FNF:9
FNH:0
FNDA:0,(anonymous_0)
FNDA:0,(anonymous_1)
FNDA:0,(anonymous_2)
FNDA:0,(anonymous_3)
FNDA:0,(anonymous_4)
FNDA:0,(anonymous_5)
FNDA:0,(anonymous_6)
FNDA:0,(anonymous_7)
FNDA:0,(anonymous_8)
DA:1,0
DA:2,0
DA:3,0
DA:10,0
DA:11,0
DA:14,0
DA:16,0
DA:17,0
DA:21,0
DA:24,0
DA:32,0
DA:35,0
DA:38,0
DA:41,0
DA:44,0
DA:46,0
DA:59,0
DA:60,0
DA:68,0
DA:70,0
DA:71,0
DA:75,0
DA:78,0
DA:85,0
DA:87,0
DA:88,0
DA:90,0
DA:91,0
DA:93,0
DA:97,0
DA:104,0
DA:105,0
DA:106,0
DA:108,0
DA:110,0
DA:128,0
DA:130,0
DA:136,0
DA:147,0
DA:148,0
DA:149,0
DA:150,0
DA:151,0
DA:152,0
DA:153,0
DA:154,0
DA:156,0
DA:165,0
DA:169,0
DA:173,0
LF:50
LH:0
BRDA:16,0,0,0
[...]
BRDA:85,14,0,0
BRDA:85,14,1,0
BRDA:89,15,0,0
BRDA:89,15,1,0
BRDA:89,16,0,0
BRDA:89,16,1,0
BRDA:130,17,0,0
BRDA:130,17,1,0
BRDA:146,18,0,0
BRDA:150,19,0,0
BRDA:150,19,1,0
BRDA:157,20,0,0
BRDA:157,20,1,0
BRDA:194,21,0,0
BRDA:194,21,1,0
BRDA:236,22,0,0
BRDA:236,23,0,0
BRDA:238,24,0,0
BRDA:238,25,0,0
BRDA:239,26,0,0
BRDA:239,27,0,0
BRDA:248,28,0,0
BRDA:248,28,1,0
BRDA:257,29,0,0
BRDA:257,29,1,0
BRDA:259,30,0,0
BRDA:259,30,1,0
BRDA:265,31,0,0
BRDA:265,31,1,0
BRDA:313,32,0,0
BRDA:313,32,1,0
BRDA:335,33,0,0
BRDA:335,33,1,0
BRDA:358,34,0,0
BRDA:358,34,1,0
BRDA:387,35,0,0
BRDA:387,35,1,0
BRDA:394,36,0,0
BRDA:394,36,1,0
BRDA:406,37,0,0
BRDA:406,37,1,0
BRDA:414,38,0,0
BRDA:414,38,1,0
BRDA:415,39,0,0
BRDA:415,39,1,0
BRDA:431,40,0,0
BRDA:431,40,1,0
BRDA:436,41,0,0
BRDA:436,41,1,0
BRDA:436,42,0,0
BRDA:436,42,1,0
BRDA:441,43,0,0
BRDA:441,43,1,0
BRDA:473,44,0,0
BRDA:473,44,1,0
BRF:84
BRH:0
end_of_record
TN:
SF:src\services\business\DebtService.js
FN:11,(anonymous_0)
FN:18,(anonymous_1)
FN:66,(anonymous_2)
FN:67,(anonymous_3)
FN:144,(anonymous_4)
FN:145,(anonymous_5)
FN:192,(anonymous_6)
FN:193,(anonymous_7)
FN:228,(anonymous_8)
FN:229,(anonymous_9)
FN:311,(anonymous_10)
FN:312,(anonymous_11)
FN:369,(anonymous_12)
FN:370,(anonymous_13)
FN:452,(anonymous_14)
FN:453,(anonymous_15)
FN:497,(anonymous_16)
FN:498,(anonymous_17)
FN:548,(anonymous_18)
FN:549,(anonymous_19)
FN:582,(anonymous_20)
FN:583,(anonymous_21)
FN:646,(anonymous_22)
FN:647,(anonymous_23)
FNF:24
FNH:0
FNDA:0,(anonymous_0)
FNDA:0,(anonymous_1)
FNDA:0,(anonymous_2)
FNDA:0,(anonymous_3)
FNDA:0,(anonymous_4)
FNDA:0,(anonymous_5)
FNDA:0,(anonymous_6)
FNDA:0,(anonymous_7)
FNDA:0,(anonymous_8)
FNDA:0,(anonymous_9)
FNDA:0,(anonymous_10)
FNDA:0,(anonymous_11)
FNDA:0,(anonymous_12)
FNDA:0,(anonymous_13)
FNDA:0,(anonymous_14)
FNDA:0,(anonymous_15)
FNDA:0,(anonymous_16)
FNDA:0,(anonymous_17)
FNDA:0,(anonymous_18)
FNDA:0,(anonymous_19)
FNDA:0,(anonymous_20)
FNDA:0,(anonymous_21)
FNDA:0,(anonymous_22)
FNDA:0,(anonymous_23)
DA:1,0
DA:2,0
DA:3,0
DA:4,0
DA:12,0
DA:19,0
DA:22,0
DA:23,0
DA:27,0
DA:28,0
DA:29,0
DA:33,0
DA:34,0
DA:38,0
DA:39,0
DA:44,0
DA:45,0
DA:46,0
DA:47,0
DA:51,0
DA:54,0
DA:67,0
DA:68,0
DA:71,0
DA:72,0
DA:73,0
DA:74,0
DA:79,0
DA:93,0
DA:94,0
DA:97,0
DA:99,0
DA:102,0
DA:103,0
DA:109,0
DA:114,0
DA:122,0
DA:145,0
DA:146,0
DA:147,0
DA:150,0
DA:151,0
DA:152,0
DA:155,0
DA:156,0
DA:159,0
DA:160,0
DA:161,0
DA:162,0
DA:165,0
DA:166,0
DA:171,0
DA:176,0
DA:182,0
DA:193,0
DA:194,0
DA:195,0
DA:198,0
DA:199,0
DA:200,0
DA:203,0
DA:204,0
DA:208,0
DA:209,0
DA:211,0
DA:218,0
DA:229,0
DA:230,0
DA:233,0
DA:234,0
DA:235,0
DA:238,0
DA:239,0
DA:240,0
DA:243,0
DA:244,0
DA:247,0
DA:248,0
DA:249,0
DA:255,0
DA:263,0
DA:266,0
DA:267,0
DA:268,0
DA:271,0
DA:274,0
DA:275,0
DA:280,0
DA:285,0
DA:294,0
DA:312,0
DA:313,0
DA:314,0
DA:317,0
DA:320,0
DA:322,0
DA:323,0
DA:324,0
DA:327,0
DA:328,0
DA:329,0
DA:333,0
DA:334,0
DA:341,0
DA:344,0
DA:355,0
DA:362,0
DA:370,0
DA:371,0
DA:372,0
DA:374,0
DA:375,0
DA:376,0
DA:377,0
DA:379,0
DA:432,0
DA:444,0
DA:445,0
DA:453,0
DA:454,0
DA:455,0
DA:458,0
DA:459,0
DA:460,0
DA:464,0
DA:474,0
DA:482,0
DA:498,0
DA:499,0
DA:500,0
DA:501,0
DA:504,0
DA:507,0
DA:508,0
DA:509,0
DA:510,0
DA:512,0
DA:513,0
DA:518,0
DA:519,0
DA:520,0
DA:521,0
DA:523,0
DA:524,0
DA:526,0
DA:529,0
DA:531,0
DA:538,0
DA:549,0
DA:550,0
DA:551,0
DA:552,0
DA:556,0
DA:557,0
DA:558,0
DA:563,0
DA:565,0
DA:572,0
DA:583,0
DA:584,0
DA:585,0
DA:588,0
DA:589,0
DA:590,0
DA:593,0
DA:594,0
DA:598,0
DA:599,0
DA:603,0
DA:604,0
DA:608,0
DA:609,0
DA:611,0
DA:612,0
DA:613,0
DA:614,0
DA:617,0
DA:618,0
DA:621,0
DA:624,0
DA:625,0
DA:628,0
DA:636,0
DA:647,0
DA:649,0
DA:656,0
DA:657,0
DA:665,0
DA:672,0
DA:677,0
DA:686,0
LF:191
LH:0
BRDA:22,0,0,0
BRDA:22,0,1,0
BRDA:28,1,0,0
BRDA:28,1,1,0
BRDA:28,2,0,0
BRDA:28,2,1,0
BRDA:33,3,0,0
BRDA:33,3,1,0
BRDA:33,4,0,0
BRDA:33,4,1,0
BRDA:38,5,0,0
BRDA:38,5,1,0
BRDA:38,6,0,0
BRDA:38,6,1,0
BRDA:44,7,0,0
BRDA:44,7,1,0
BRDA:46,8,0,0
BRDA:46,8,1,0
BRDA:71,9,0,0
BRDA:71,9,1,0
BRDA:73,10,0,0
BRDA:73,10,1,0
BRDA:87,11,0,0
BRDA:87,11,1,0
BRDA:87,12,0,0
BRDA:87,12,1,0
BRDA:88,13,0,0
BRDA:88,13,1,0
BRDA:89,14,0,0
BRDA:89,14,1,0
BRDA:93,15,0,0
BRDA:93,15,1,0
BRDA:93,16,0,0
BRDA:93,16,1,0
BRDA:102,17,0,0
BRDA:102,17,1,0
BRDA:102,18,0,0
BRDA:102,18,1,0
BRDA:146,19,0,0
BRDA:146,19,1,0
BRDA:151,20,0,0
BRDA:151,20,1,0
BRDA:155,21,0,0
BRDA:155,21,1,0
BRDA:165,22,0,0
BRDA:165,22,1,0
BRDA:165,23,0,0
BRDA:165,23,1,0
BRDA:194,24,0,0
BRDA:194,24,1,0
BRDA:199,25,0,0
BRDA:199,25,1,0
BRDA:203,26,0,0
BRDA:203,26,1,0
BRDA:208,27,0,0
BRDA:208,27,1,0
BRDA:208,28,0,0
BRDA:208,28,1,0
BRDA:230,29,0,0
BRDA:230,30,0,0
BRDA:234,31,0,0
BRDA:234,31,1,0
BRDA:234,32,0,0
BRDA:234,32,1,0
BRDA:239,33,0,0
BRDA:239,33,1,0
BRDA:243,34,0,0
BRDA:243,34,1,0
BRDA:248,35,0,0
BRDA:248,35,1,0
BRDA:266,36,0,0
BRDA:266,36,1,0
BRDA:274,37,0,0
BRDA:274,37,1,0
BRDA:274,38,0,0
BRDA:274,38,1,0
BRDA:311,39,0,0
BRDA:311,40,0,0
BRDA:313,41,0,0
BRDA:313,42,0,0
BRDA:322,43,0,0
BRDA:322,43,1,0
BRDA:323,44,0,0
BRDA:323,44,1,0
BRDA:324,45,0,0
BRDA:324,45,1,0
BRDA:327,46,0,0
BRDA:327,46,1,0
BRDA:333,47,0,0
BRDA:333,47,1,0
BRDA:369,48,0,0
BRDA:372,49,0,0
BRDA:372,49,1,0
BRDA:432,50,0,0
BRDA:432,50,1,0
BRDA:452,51,0,0
BRDA:454,52,0,0
BRDA:454,53,0,0
BRDA:459,54,0,0
BRDA:459,54,1,0
BRDA:500,55,0,0
BRDA:500,55,1,0
BRDA:507,56,0,0
BRDA:507,56,1,0
BRDA:507,57,0,0
BRDA:507,57,1,0
BRDA:512,58,0,0
BRDA:512,58,1,0
BRDA:523,59,0,0
BRDA:523,59,1,0
BRDA:551,60,0,0
BRDA:551,60,1,0
BRDA:556,61,0,0
BRDA:556,61,1,0
BRDA:556,62,0,0
BRDA:556,62,1,0
BRDA:584,63,0,0
BRDA:584,63,1,0
BRDA:584,64,0,0
BRDA:584,64,1,0
BRDA:589,65,0,0
BRDA:589,65,1,0
BRDA:593,66,0,0
BRDA:593,66,1,0
BRDA:598,67,0,0
BRDA:598,67,1,0
BRDA:603,68,0,0
BRDA:603,68,1,0
BRDA:612,69,0,0
BRDA:612,69,1,0
BRDA:613,70,0,0
BRDA:613,70,1,0
BRDA:617,71,0,0
BRDA:617,71,1,0
BRDA:624,72,0,0
BRDA:624,72,1,0
BRDA:656,73,0,0
BRDA:656,73,1,0
BRF:138
BRH:0
end_of_record
TN:
SF:src\services\business\ProductService.js
FN:2,(anonymous_0)
FN:6,(anonymous_1)
FN:10,(anonymous_2)
FN:17,(anonymous_3)
FN:34,(anonymous_4)
FN:41,(anonymous_5)
FN:47,(anonymous_6)
FN:55,(anonymous_7)
FN:56,(anonymous_8)
FN:75,(anonymous_9)
FN:76,(anonymous_10)
FNF:11
FNH:0
FNDA:0,(anonymous_0)
FNDA:0,(anonymous_1)
FNDA:0,(anonymous_2)
FNDA:0,(anonymous_3)
FNDA:0,(anonymous_4)
FNDA:0,(anonymous_5)
FNDA:0,(anonymous_6)
FNDA:0,(anonymous_7)
FNDA:0,(anonymous_8)
FNDA:0,(anonymous_9)
FNDA:0,(anonymous_10)
DA:3,0
DA:7,0
DA:11,0
DA:12,0
DA:13,0
DA:14,0
DA:18,0
DA:19,0
DA:20,0
DA:21,0
DA:22,0
DA:24,0
DA:30,0
DA:35,0
DA:36,0
DA:37,0
DA:38,0
DA:41,0
DA:42,0
DA:43,0
DA:44,0
DA:47,0
DA:48,0
DA:49,0
DA:52,0
DA:56,0
DA:57,0
DA:58,0
DA:59,0
DA:60,0
DA:66,0
DA:71,0
DA:76,0
DA:77,0
DA:78,0
DA:79,0
DA:80,0
DA:83,0
DA:85,0
DA:99,0
LF:40
LH:0
BRDA:6,0,0,0
BRDA:10,1,0,0
BRDA:11,2,0,0
BRDA:11,2,1,0
BRDA:17,3,0,0
BRDA:36,4,0,0
BRDA:36,4,1,0
BRDA:36,5,0,0
BRDA:36,5,1,0
BRDA:41,6,0,0
BRDA:41,6,1,0
BRDA:42,7,0,0
BRDA:42,7,1,0
BRDA:47,8,0,0
BRDA:47,8,1,0
BRDA:48,9,0,0
BRDA:48,9,1,0
BRDA:48,10,0,0
BRDA:48,10,1,0
BRDA:59,11,0,0
BRDA:59,11,1,0
BRDA:75,12,0,0
BRDA:79,13,0,0
BRDA:79,13,1,0
BRF:24
BRH:0
end_of_record
TN:
SF:src\services\business\ReceiptService.js
FN:13,(anonymous_0)
FN:20,(anonymous_1)
FN:48,(anonymous_2)
FN:53,(anonymous_3)
FN:63,(anonymous_4)
FN:71,(anonymous_5)
FN:94,(anonymous_6)
FN:114,(anonymous_7)
FN:115,(anonymous_8)
FN:131,(anonymous_9)
FN:189,(anonymous_10)
FN:190,(anonymous_11)
FN:205,(anonymous_12)
FN:238,(anonymous_13)
FN:239,(anonymous_14)
FN:293,(anonymous_15)
FN:294,(anonymous_16)
FN:313,(anonymous_17)
FN:328,(anonymous_18)
FN:349,(anonymous_19)
FN:350,(anonymous_20)
FN:366,(anonymous_21)
FNF:22
FNH:0
FNDA:0,(anonymous_0)
FNDA:0,(anonymous_1)
FNDA:0,(anonymous_2)
FNDA:0,(anonymous_3)
FNDA:0,(anonymous_4)
FNDA:0,(anonymous_5)
FNDA:0,(anonymous_6)
FNDA:0,(anonymous_7)
FNDA:0,(anonymous_8)
FNDA:0,(anonymous_9)
FNDA:0,(anonymous_10)
FNDA:0,(anonymous_11)
FNDA:0,(anonymous_12)
FNDA:0,(anonymous_13)
FNDA:0,(anonymous_14)
FNDA:0,(anonymous_15)
FNDA:0,(anonymous_16)
FNDA:0,(anonymous_17)
FNDA:0,(anonymous_18)
FNDA:0,(anonymous_19)
FNDA:0,(anonymous_20)
FNDA:0,(anonymous_21)
DA:1,0
DA:2,0
DA:3,0
DA:4,0
DA:5,0
DA:6,0
DA:14,0
DA:21,0
DA:23,0
DA:24,0
DA:26,0
DA:27,0
DA:28,0
DA:31,0
DA:32,0
DA:38,0
DA:39,0
DA:42,0
DA:49,0
DA:50,0
DA:53,0
DA:54,0
DA:55,0
DA:56,0
DA:64,0
DA:65,0
DA:72,0
DA:74,0
DA:75,0
DA:76,0
DA:84,0
DA:85,0
DA:95,0
DA:97,0
DA:104,0
DA:115,0
DA:116,0
DA:119,0
DA:120,0
DA:124,0
DA:127,0
DA:130,0
DA:131,0
DA:151,0
DA:154,0
DA:157,0
DA:158,0
DA:159,0
DA:160,0
DA:164,0
DA:165,0
DA:173,0
DA:190,0
DA:199,0
DA:202,0
DA:204,0
DA:205,0
DA:225,0
DA:226,0
DA:229,0
DA:231,0
DA:239,0
DA:241,0
DA:243,0
DA:244,0
DA:248,0
DA:249,0
DA:253,0
DA:256,0
DA:257,0
DA:258,0
DA:259,0
DA:261,0
DA:268,0
DA:276,0
DA:278,0
DA:294,0
DA:296,0
DA:312,0
DA:313,0
DA:314,0
DA:315,0
DA:323,0
DA:328,0
DA:329,0
DA:330,0
DA:342,0
DA:350,0
DA:351,0
DA:358,0
DA:359,0
DA:363,0
DA:366,0
DA:395,0
LF:94
LH:0
BRDA:24,0,0,0
BRDA:24,0,1,0
BRDA:26,1,0,0
BRDA:26,1,1,0
BRDA:31,2,0,0
BRDA:31,2,1,0
BRDA:38,3,0,0
BRDA:38,3,1,0
BRDA:49,4,0,0
BRDA:49,4,1,0
BRDA:49,5,0,0
BRDA:49,5,1,0
BRDA:54,6,0,0
BRDA:54,6,1,0
BRDA:55,7,0,0
BRDA:55,7,1,0
BRDA:64,8,0,0
BRDA:64,8,1,0
BRDA:64,9,0,0
BRDA:64,9,1,0
BRDA:71,10,0,0
BRDA:75,11,0,0
BRDA:75,11,1,0
BRDA:78,12,0,0
BRDA:78,12,1,0
BRDA:95,13,0,0
BRDA:95,13,1,0
BRDA:95,14,0,0
BRDA:95,14,1,0
BRDA:119,15,0,0
BRDA:119,15,1,0
BRDA:134,16,0,0
BRDA:134,16,1,0
BRDA:146,17,0,0
BRDA:146,17,1,0
BRDA:147,18,0,0
BRDA:147,18,1,0
BRDA:147,19,0,0
BRDA:147,19,1,0
BRDA:148,20,0,0
BRDA:148,20,1,0
BRDA:158,21,0,0
BRDA:158,21,1,0
BRDA:158,22,0,0
BRDA:158,22,1,0
BRDA:164,23,0,0
BRDA:164,23,1,0
BRDA:211,24,0,0
BRDA:211,24,1,0
BRDA:215,25,0,0
BRDA:215,25,1,0
BRDA:216,26,0,0
BRDA:216,26,1,0
BRDA:217,27,0,0
BRDA:217,27,1,0
BRDA:218,28,0,0
BRDA:218,28,1,0
BRDA:220,29,0,0
BRDA:220,29,1,0
BRDA:243,30,0,0
BRDA:243,30,1,0
BRDA:248,31,0,0
BRDA:248,31,1,0
BRDA:256,32,0,0
BRDA:256,32,1,0
BRDA:258,33,0,0
BRDA:258,33,1,0
BRDA:258,34,0,0
BRDA:258,34,1,0
BRDA:314,35,0,0
BRDA:314,35,1,0
BRDA:329,36,0,0
BRDA:329,36,1,0
BRDA:336,37,0,0
BRDA:336,37,1,0
BRDA:337,38,0,0
BRDA:337,38,1,0
BRDA:338,39,0,0
BRDA:338,39,1,0
BRDA:358,40,0,0
BRDA:358,40,1,0
BRDA:365,41,0,0
BRDA:365,41,1,0
BRDA:369,42,0,0
BRDA:369,42,1,0
BRDA:370,43,0,0
BRDA:370,43,1,0
BRDA:371,44,0,0
BRDA:371,44,1,0
BRDA:378,45,0,0
BRDA:378,45,1,0
BRDA:381,46,0,0
BRDA:381,46,1,0
BRDA:384,47,0,0
BRDA:384,47,1,0
BRF:95
BRH:0
end_of_record
TN:
SF:src\services\business\ServiceFactory.js
FN:12,(anonymous_0)
FN:19,(anonymous_1)
FN:48,(anonymous_2)
FN:55,(anonymous_3)
FN:62,(anonymous_4)
FN:69,(anonymous_5)
FN:76,(anonymous_6)
FN:83,(anonymous_7)
FN:90,(anonymous_8)
FN:97,(anonymous_9)
FNF:10
FNH:0
FNDA:0,(anonymous_0)
FNDA:0,(anonymous_1)
FNDA:0,(anonymous_2)
FNDA:0,(anonymous_3)
FNDA:0,(anonymous_4)
FNDA:0,(anonymous_5)
FNDA:0,(anonymous_6)
FNDA:0,(anonymous_7)
FNDA:0,(anonymous_8)
FNDA:0,(anonymous_9)
DA:1,0
DA:2,0
DA:3,0
DA:4,0
DA:5,0
DA:13,0
DA:20,0
DA:21,0
DA:23,0
DA:24,0
DA:26,0
DA:27,0
DA:29,0
DA:30,0
DA:32,0
DA:33,0
DA:35,0
DA:36,0
DA:38,0
DA:42,0
DA:49,0
DA:56,0
DA:63,0
DA:70,0
DA:77,0
DA:84,0
DA:91,0
DA:98,0
DA:103,0
DA:105,0
LF:30
LH:0
BRDA:20,0,0,0
BRDA:20,0,1,0
BRDA:21,1,0,0
BRDA:21,1,1,0
BRDA:21,1,2,0
BRDA:21,1,3,0
BRDA:21,1,4,0
BRDA:21,1,5,0
BRF:8
BRH:0
end_of_record
TN:
SF:src\services\business\UserService.js
FN:12,(anonymous_0)
FN:19,(anonymous_1)
FN:105,(anonymous_2)
FN:128,(anonymous_3)
FN:129,(anonymous_4)
FN:185,(anonymous_5)
FN:186,(anonymous_6)
FN:287,(anonymous_7)
FN:288,(anonymous_8)
FN:320,(anonymous_9)
FN:354,(anonymous_10)
FN:355,(anonymous_11)
FN:391,(anonymous_12)
FN:392,(anonymous_13)
FN:444,(anonymous_14)
FN:445,(anonymous_15)
FN:466,(anonymous_16)
FN:486,(anonymous_17)
FN:487,(anonymous_18)
FN:526,(anonymous_19)
FN:527,(anonymous_20)
FN:536,(anonymous_21)
FN:537,(anonymous_22)
FN:549,(anonymous_23)
FN:550,(anonymous_24)
FN:593,(anonymous_25)
FN:594,(anonymous_26)
FNF:27
FNH:0
FNDA:0,(anonymous_0)
FNDA:0,(anonymous_1)
FNDA:0,(anonymous_2)
FNDA:0,(anonymous_3)
FNDA:0,(anonymous_4)
FNDA:0,(anonymous_5)
FNDA:0,(anonymous_6)
FNDA:0,(anonymous_7)
FNDA:0,(anonymous_8)
FNDA:0,(anonymous_9)
FNDA:0,(anonymous_10)
FNDA:0,(anonymous_11)
FNDA:0,(anonymous_12)
FNDA:0,(anonymous_13)
FNDA:0,(anonymous_14)
FNDA:0,(anonymous_15)
FNDA:0,(anonymous_16)
FNDA:0,(anonymous_17)
FNDA:0,(anonymous_18)
FNDA:0,(anonymous_19)
FNDA:0,(anonymous_20)
FNDA:0,(anonymous_21)
FNDA:0,(anonymous_22)
FNDA:0,(anonymous_23)
FNDA:0,(anonymous_24)
FNDA:0,(anonymous_25)
FNDA:0,(anonymous_26)
DA:1,0
DA:2,0
DA:3,0
DA:4,0
DA:5,0
DA:13,0
DA:20,0
DA:23,0
DA:24,0
DA:28,0
DA:29,0
DA:33,0
DA:34,0
DA:35,0
DA:40,0
DA:41,0
DA:42,0
DA:46,0
DA:47,0
DA:50,0
DA:51,0
DA:52,0
DA:56,0
DA:57,0
DA:59,0
DA:60,0
DA:62,0
DA:63,0
DA:65,0
DA:66,0
DA:67,0
DA:72,0
DA:73,0
DA:74,0
DA:78,0
DA:79,0
DA:83,0
DA:84,0
DA:88,0
DA:89,0
DA:92,0
DA:106,0
DA:107,0
DA:111,0
DA:112,0
DA:114,0
DA:129,0
DA:130,0
DA:131,0
DA:133,0
DA:134,0
DA:137,0
DA:138,0
DA:139,0
DA:140,0
DA:141,0
DA:142,0
DA:147,0
DA:148,0
DA:149,0
DA:150,0
DA:151,0
DA:152,0
DA:157,0
DA:162,0
DA:165,0
DA:166,0
DA:168,0
DA:175,0
DA:186,0
DA:187,0
DA:188,0
DA:192,0
DA:200,0
DA:202,0
DA:209,0
DA:211,0
DA:216,0
DA:224,0
DA:227,0
DA:230,0
DA:232,0
DA:233,0
DA:240,0
DA:241,0
DA:242,0
DA:246,0
DA:247,0
DA:251,0
DA:252,0
DA:253,0
DA:257,0
DA:260,0
DA:269,0
DA:276,0
DA:288,0
DA:289,0
DA:290,0
DA:291,0
DA:295,0
DA:298,0
DA:299,0
DA:303,0
DA:304,0
DA:309,0
DA:310,0
DA:314,0
DA:315,0
DA:320,0
DA:321,0
DA:322,0
DA:327,0
DA:328,0
DA:331,0
DA:334,0
DA:335,0
DA:337,0
DA:344,0
DA:355,0
DA:356,0
DA:357,0
DA:358,0
DA:362,0
DA:363,0
DA:364,0
DA:368,0
DA:369,0
DA:373,0
DA:374,0
DA:376,0
DA:381,0
DA:392,0
DA:393,0
DA:394,0
DA:397,0
DA:400,0
DA:402,0
DA:405,0
DA:406,0
DA:415,0
DA:416,0
DA:419,0
DA:430,0
DA:437,0
DA:445,0
DA:446,0
DA:459,0
DA:466,0
DA:467,0
DA:468,0
DA:469,0
DA:470,0
DA:478,0
DA:479,0
DA:487,0
DA:488,0
DA:489,0
DA:490,0
DA:494,0
DA:495,0
DA:499,0
DA:500,0
DA:501,0
DA:502,0
DA:506,0
DA:508,0
DA:515,0
DA:527,0
DA:528,0
DA:537,0
DA:538,0
DA:550,0
DA:552,0
DA:553,0
DA:566,0
DA:568,0
DA:569,0
DA:572,0
DA:577,0
DA:594,0
DA:596,0
DA:597,0
DA:600,0
DA:602,0
DA:603,0
DA:604,0
DA:608,0
DA:609,0
DA:610,0
DA:614,0
DA:615,0
DA:620,0
DA:621,0
DA:624,0
DA:628,0
DA:629,0
DA:632,0
DA:635,0
DA:637,0
DA:643,0
DA:658,0
LF:201
LH:0
BRDA:19,0,0,0
BRDA:23,1,0,0
BRDA:23,1,1,0
BRDA:23,2,0,0
BRDA:23,2,1,0
BRDA:23,2,2,0
BRDA:23,2,3,0
BRDA:28,3,0,0
BRDA:28,3,1,0
BRDA:28,4,0,0
BRDA:28,4,1,0
BRDA:33,5,0,0
BRDA:33,5,1,0
BRDA:33,6,0,0
BRDA:33,6,1,0
BRDA:34,7,0,0
BRDA:34,7,1,0
BRDA:34,8,0,0
BRDA:34,8,1,0
BRDA:34,8,2,0
BRDA:40,9,0,0
BRDA:40,9,1,0
BRDA:40,10,0,0
BRDA:40,10,1,0
BRDA:41,11,0,0
BRDA:41,11,1,0
BRDA:50,12,0,0
BRDA:50,12,1,0
BRDA:57,13,0,0
BRDA:57,13,1,0
BRDA:57,14,0,0
BRDA:57,14,1,0
BRDA:60,15,0,0
BRDA:60,15,1,0
BRDA:63,16,0,0
BRDA:63,16,1,0
BRDA:66,17,0,0
BRDA:66,17,1,0
BRDA:72,18,0,0
BRDA:72,18,1,0
BRDA:83,19,0,0
BRDA:83,19,1,0
BRDA:83,20,0,0
BRDA:83,20,1,0
BRDA:88,21,0,0
BRDA:88,21,1,0
BRDA:88,22,0,0
BRDA:88,22,1,0
BRDA:88,22,2,0
BRDA:95,23,0,0
BRDA:95,23,1,0
BRDA:98,24,0,0
BRDA:98,24,1,0
BRDA:106,25,0,0
BRDA:106,25,1,0
BRDA:112,26,0,0
BRDA:112,26,1,0
BRDA:137,27,0,0
BRDA:137,27,1,0
BRDA:140,28,0,0
BRDA:140,28,1,0
BRDA:147,29,0,0
BRDA:147,29,1,0
BRDA:150,30,0,0
BRDA:150,30,1,0
BRDA:187,31,0,0
BRDA:187,31,1,0
BRDA:187,32,0,0
BRDA:187,32,1,0
BRDA:200,33,0,0
BRDA:200,33,1,0
BRDA:200,34,0,0
BRDA:200,34,1,0
BRDA:230,35,0,0
BRDA:230,35,1,0
BRDA:242,36,0,0
BRDA:242,36,1,0
BRDA:246,37,0,0
BRDA:246,37,1,0
BRDA:252,38,0,0
BRDA:252,38,1,0
BRDA:273,39,0,0
BRDA:273,39,1,0
BRDA:281,40,0,0
BRDA:281,40,1,0
BRDA:290,41,0,0
BRDA:290,41,1,0
BRDA:298,42,0,0
BRDA:298,42,1,0
BRDA:298,43,0,0
BRDA:298,43,1,0
BRDA:303,44,0,0
BRDA:303,44,1,0
BRDA:309,45,0,0
BRDA:309,45,1,0
BRDA:309,46,0,0
BRDA:309,46,1,0
BRDA:314,47,0,0
BRDA:314,47,1,0
BRDA:321,48,0,0
BRDA:321,48,1,0
BRDA:321,49,0,0
BRDA:321,49,1,0
BRDA:327,50,0,0
BRDA:327,50,1,0
BRDA:357,51,0,0
BRDA:357,51,1,0
BRDA:363,52,0,0
BRDA:363,52,1,0
BRDA:368,53,0,0
BRDA:368,53,1,0
BRDA:368,54,0,0
BRDA:368,54,1,0
BRDA:391,55,0,0
BRDA:391,56,0,0
BRDA:393,57,0,0
BRDA:393,58,0,0
BRDA:394,59,0,0
BRDA:394,60,0,0
BRDA:402,61,0,0
BRDA:402,61,1,0
BRDA:405,62,0,0
BRDA:405,62,1,0
BRDA:416,63,0,0
BRDA:416,63,1,0
BRDA:468,64,0,0
BRDA:468,64,1,0
BRDA:469,65,0,0
BRDA:469,65,1,0
BRDA:472,66,0,0
BRDA:472,66,1,0
BRDA:473,67,0,0
BRDA:473,67,1,0
BRDA:474,68,0,0
BRDA:474,68,1,0
BRDA:489,69,0,0
BRDA:489,69,1,0
BRDA:494,70,0,0
BRDA:494,70,1,0
BRDA:499,71,0,0
BRDA:499,71,1,0
BRDA:501,72,0,0
BRDA:501,72,1,0
BRDA:552,73,0,0
BRDA:552,73,1,0
BRDA:568,74,0,0
BRDA:568,74,1,0
BRDA:596,75,0,0
BRDA:596,75,1,0
BRDA:603,76,0,0
BRDA:603,76,1,0
BRDA:609,77,0,0
BRDA:609,77,1,0
BRDA:614,78,0,0
BRDA:614,78,1,0
BRDA:614,79,0,0
BRDA:614,79,1,0
BRDA:620,80,0,0
BRDA:620,80,1,0
BRDA:628,81,0,0
BRDA:628,81,1,0
BRF:161
BRH:0
end_of_record
TN:
SF:src\utils\pricing.js
FN:9,getCostPrice
FN:12,(anonymous_1)
FN:23,getUnitPrice
FN:26,(anonymous_3)
FN:37,getBoxPrice
FN:40,(anonymous_5)
FN:51,getDiscountPrices
FN:55,(anonymous_7)
FN:56,(anonymous_8)
FN:67,(anonymous_9)
FN:85,calculateBestPrice
FN:100,(anonymous_11)
FN:104,(anonymous_12)
FN:130,validatePriceConsistency
FN:138,(anonymous_14)
FN:144,(anonymous_15)
FN:149,(anonymous_16)
FN:150,(anonymous_17)
FN:165,convertToNewPriceFormat
FN:198,(anonymous_19)
FNF:20
FNH:10
FNDA:0,getCostPrice
FNDA:0,(anonymous_1)
FNDA:10,getUnitPrice
FNDA:20,(anonymous_3)
FNDA:10,getBoxPrice
FNDA:20,(anonymous_5)
FNDA:10,getDiscountPrices
FNDA:20,(anonymous_7)
FNDA:19,(anonymous_8)
FNDA:0,(anonymous_9)
FNDA:10,calculateBestPrice
FNDA:18,(anonymous_11)
FNDA:5,(anonymous_12)
FNDA:0,validatePriceConsistency
FNDA:0,(anonymous_14)
FNDA:0,(anonymous_15)
FNDA:0,(anonymous_16)
FNDA:0,(anonymous_17)
FNDA:0,convertToNewPriceFormat
FNDA:0,(anonymous_19)
DA:11,0
DA:12,0
DA:13,0
DA:17,0
DA:25,10
DA:26,20
DA:27,10
DA:31,0
DA:39,10
DA:40,20
DA:41,10
DA:45,0
DA:53,10
DA:54,10
DA:55,20
DA:56,19
DA:65,0
DA:66,0
DA:67,0
DA:68,0
DA:69,0
DA:79,0
DA:86,10
DA:87,10
DA:88,10
DA:90,10
DA:91,10
DA:94,10
DA:95,0
DA:99,10
DA:100,18
DA:102,9
DA:104,6
DA:105,5
DA:108,6
DA:109,0
DA:110,0
DA:119,10
DA:131,0
DA:133,0
DA:134,0
DA:135,0
DA:138,0
DA:139,0
DA:140,0
DA:141,0
DA:144,0
DA:145,0
DA:146,0
DA:149,0
DA:150,0
DA:151,0
DA:152,0
DA:154,0
DA:155,0
DA:159,0
DA:166,0
DA:169,0
DA:170,0
DA:178,0
DA:179,0
DA:180,0
DA:188,0
DA:189,0
DA:197,0
DA:198,0
DA:199,0
DA:200,0
DA:211,0
DA:214,1
LF:70
LH:24
BRDA:11,0,0,0
BRDA:11,0,1,0
BRDA:12,1,0,0
BRDA:12,1,1,0
BRDA:13,2,0,0
BRDA:13,2,1,0
BRDA:17,3,0,0
BRDA:17,3,1,0
BRDA:25,4,0,10
BRDA:25,4,1,0
BRDA:26,5,0,20
BRDA:26,5,1,0
BRDA:27,6,0,0
BRDA:27,6,1,10
BRDA:31,7,0,0
BRDA:31,7,1,0
BRDA:31,7,2,0
BRDA:39,8,0,10
BRDA:39,8,1,0
BRDA:40,9,0,20
BRDA:40,9,1,0
BRDA:41,10,0,0
BRDA:41,10,1,10
BRDA:45,11,0,0
BRDA:45,11,1,0
BRDA:53,12,0,10
BRDA:53,12,1,0
BRDA:55,13,0,20
BRDA:55,13,1,20
BRDA:59,14,0,19
BRDA:59,14,1,0
BRDA:60,15,0,19
BRDA:60,15,1,0
BRDA:66,16,0,0
BRDA:66,16,1,0
BRDA:66,17,0,0
BRDA:66,17,1,0
BRDA:68,18,0,0
BRDA:68,18,1,0
BRDA:68,19,0,0
BRDA:68,19,1,0
BRDA:73,20,0,0
BRDA:73,20,1,0
BRDA:85,21,0,10
BRDA:94,22,0,0
BRDA:94,22,1,10
BRDA:94,23,0,10
BRDA:94,23,1,0
BRDA:99,24,0,9
BRDA:99,24,1,1
BRDA:99,25,0,10
BRDA:99,25,1,10
BRDA:102,26,0,6
BRDA:102,26,1,3
BRDA:105,27,0,0
BRDA:105,27,1,5
BRDA:108,28,0,0
BRDA:108,28,1,6
BRDA:133,29,0,0
BRDA:133,29,1,0
BRDA:133,30,0,0
BRDA:133,30,1,0
BRDA:138,31,0,0
BRDA:138,31,1,0
BRDA:139,32,0,0
BRDA:139,32,1,0
BRDA:144,33,0,0
BRDA:144,33,1,0
BRDA:145,34,0,0
BRDA:145,34,1,0
BRDA:145,35,0,0
BRDA:145,35,1,0
BRDA:149,36,0,0
BRDA:149,36,1,0
BRDA:151,37,0,0
BRDA:151,37,1,0
BRDA:154,38,0,0
BRDA:154,38,1,0
BRDA:154,39,0,0
BRDA:154,39,1,0
BRDA:169,40,0,0
BRDA:169,40,1,0
BRDA:169,41,0,0
BRDA:169,41,1,0
BRDA:178,42,0,0
BRDA:178,42,1,0
BRDA:179,43,0,0
BRDA:179,43,1,0
BRDA:179,44,0,0
BRDA:179,44,1,0
BRDA:188,45,0,0
BRDA:188,45,1,0
BRDA:188,46,0,0
BRDA:188,46,1,0
BRDA:197,47,0,0
BRDA:197,47,1,0
BRDA:197,48,0,0
BRDA:197,48,1,0
BRDA:199,49,0,0
BRDA:199,49,1,0
BRDA:199,50,0,0
BRDA:199,50,1,0
BRDA:204,51,0,0
BRDA:204,51,1,0
BRF:104
BRH:22
end_of_record
